<?xml version="1.0" encoding="UTF-8"?>
<robot generator="Robot 7.2.2 (Python 3.13.2 on win32)" generated="2025-05-07T22:58:23.650495" rpa="false" schemaversion="5">
<suite id="s1" name="SearchPage" source="C:\Users\Admin\Desktop\Last Update\Automate\Automate\SearchPage.robot">
<kw name="Set Selenium Speed" owner="SeleniumLibrary" type="SETUP">
<arg>5s</arg>
<doc>Sets the delay that is waited after each Selenium command.</doc>
<status status="PASS" start="2025-05-07T22:58:24.047294" elapsed="0.000454"/>
</kw>
<test id="s1-t1" name="TC005 - Add User - fail" line="45">
<kw name="Input data add user Fail - test template" owner="KeywordSearchPage">
<kw name="Open webbrower" owner="KeywordSearchPage">
<kw name="Set Selenium Speed" owner="SeleniumLibrary">
<arg>0.1s</arg>
<doc>Sets the delay that is waited after each Selenium command.</doc>
<status status="PASS" start="2025-05-07T22:58:24.054929" elapsed="0.000585"/>
</kw>
<kw name="Open Browser" owner="SeleniumLibrary">
<msg time="2025-05-07T22:58:24.056458" level="INFO">Opening browser 'Chrome' to base url 'https://automate-test.stpb-digital.com/login/'.</msg>
<arg>${url}</arg>
<arg>${browser}</arg>
<doc>Opens a new browser instance to the optional ``url``.</doc>
<status status="PASS" start="2025-05-07T22:58:24.055918" elapsed="5.484358"/>
</kw>
<kw name="Wait Until Page Contains" owner="SeleniumLibrary">
<arg>Kru P' Beam</arg>
<arg>1s</arg>
<doc>Waits until ``text`` appears on the current page.</doc>
<status status="PASS" start="2025-05-07T22:58:29.540754" elapsed="0.172071"/>
</kw>
<kw name="Maximize Browser Window" owner="SeleniumLibrary">
<doc>Maximizes current browser window.</doc>
<status status="PASS" start="2025-05-07T22:58:29.713300" elapsed="0.157681"/>
</kw>
<status status="PASS" start="2025-05-07T22:58:24.054293" elapsed="5.816973"/>
</kw>
<kw name="Input data for login to search Page" owner="KeywordSearchPage">
<kw name="Input Text" owner="SeleniumLibrary">
<msg time="2025-05-07T22:58:29.873280" level="INFO">Typing text 'user.test@krupbeam.com' into text field 'id=email'.</msg>
<arg>${locator_emaillogin}</arg>
<arg>user.test@krupbeam.com</arg>
<doc>Types the given ``text`` into the text field identified by ``locator``.</doc>
<status status="PASS" start="2025-05-07T22:58:29.872405" elapsed="0.540615"/>
</kw>
<kw name="Input Text" owner="SeleniumLibrary">
<msg time="2025-05-07T22:58:30.413873" level="INFO">Typing text 'jKNsrapwLNV7eBN' into text field 'name=password'.</msg>
<arg>${locator_passwordlogin}</arg>
<arg>jKNsrapwLNV7eBN</arg>
<doc>Types the given ``text`` into the text field identified by ``locator``.</doc>
<status status="PASS" start="2025-05-07T22:58:30.413374" elapsed="0.534636"/>
</kw>
<kw name="Click Element" owner="SeleniumLibrary">
<msg time="2025-05-07T22:58:30.949036" level="INFO">Clicking element 'id=btn-login'.</msg>
<arg>${locator_btnlogin}</arg>
<doc>Click the element identified by ``locator``.</doc>
<status status="PASS" start="2025-05-07T22:58:30.948488" elapsed="0.399221"/>
</kw>
<kw name="Wait Until Page Contains" owner="SeleniumLibrary">
<arg>Search Filters</arg>
<arg>5s</arg>
<doc>Waits until ``text`` appears on the current page.</doc>
<status status="PASS" start="2025-05-07T22:58:31.348331" elapsed="0.826444"/>
</kw>
<status status="PASS" start="2025-05-07T22:58:29.871701" elapsed="2.303514"/>
</kw>
<kw name="Click Element" owner="SeleniumLibrary">
<msg time="2025-05-07T22:58:32.176117" level="INFO">Clicking element 'xpath=//*[@id="__next"]/div[1]/div[2]/main/div/div[2]/div/div[1]/div/a'.</msg>
<arg>${locator_btnAdduser}</arg>
<doc>Click the element identified by ``locator``.</doc>
<status status="PASS" start="2025-05-07T22:58:32.175581" elapsed="0.353795"/>
</kw>
<kw name="Wait Until Page Contains" owner="SeleniumLibrary">
<arg>Form User</arg>
<doc>Waits until ``text`` appears on the current page.</doc>
<status status="PASS" start="2025-05-07T22:58:32.529811" elapsed="0.151761"/>
</kw>
<kw name="Input Text" owner="SeleniumLibrary">
<msg time="2025-05-07T22:58:32.682470" level="INFO">Typing text '' into text field 'id=firstname'.</msg>
<arg>${locator_firstname}</arg>
<arg>${firstname}</arg>
<doc>Types the given ``text`` into the text field identified by ``locator``.</doc>
<status status="PASS" start="2025-05-07T22:58:32.681985" elapsed="0.415560"/>
</kw>
<kw name="Input Text" owner="SeleniumLibrary">
<msg time="2025-05-07T22:58:33.100198" level="INFO">Typing text 'chuduang' into text field 'id=lastname'.</msg>
<arg>${locator_lastname}</arg>
<arg>${lastname}</arg>
<doc>Types the given ``text`` into the text field identified by ``locator``.</doc>
<status status="PASS" start="2025-05-07T22:58:33.099442" elapsed="0.532971"/>
</kw>
<kw name="Input Text" owner="SeleniumLibrary">
<msg time="2025-05-07T22:58:33.633319" level="INFO">Typing text 'wisarut@gmail.com' into text field 'id=email'.</msg>
<arg>${locator_email}</arg>
<arg>${email}</arg>
<doc>Types the given ``text`` into the text field identified by ``locator``.</doc>
<status status="PASS" start="2025-05-07T22:58:33.632829" elapsed="0.540801"/>
</kw>
<kw name="Input Text" owner="SeleniumLibrary">
<msg time="2025-05-07T22:58:34.175467" level="INFO">Typing text '123456' into text field 'id=password'.</msg>
<arg>${locator_password}</arg>
<arg>${password}</arg>
<doc>Types the given ``text`` into the text field identified by ``locator``.</doc>
<status status="PASS" start="2025-05-07T22:58:34.174513" elapsed="0.487315"/>
</kw>
<kw name="Input Text" owner="SeleniumLibrary">
<msg time="2025-05-07T22:58:34.662774" level="INFO">Typing text '0863658554' into text field 'id=mobile-phone'.</msg>
<arg>${locator_mobilephone}</arg>
<arg>${mobile}</arg>
<doc>Types the given ``text`` into the text field identified by ``locator``.</doc>
<status status="PASS" start="2025-05-07T22:58:34.662257" elapsed="0.499869"/>
</kw>
<if>
<branch type="IF" condition="&quot;${gender}&quot; != &quot;emp&quot;">
<kw name="Select Radio Button" owner="SeleniumLibrary">
<msg time="2025-05-07T22:58:35.163576" level="INFO">Selecting 'male' from radio button 'validation-basic-radio'.</msg>
<arg>${locator_Gender}</arg>
<arg>${gender}</arg>
<doc>Sets the radio button group ``group_name`` to ``value``.</doc>
<status status="PASS" start="2025-05-07T22:58:35.163199" elapsed="0.473658"/>
</kw>
<status status="PASS" start="2025-05-07T22:58:35.162560" elapsed="0.474494"/>
</branch>
<status status="PASS" start="2025-05-07T22:58:35.162469" elapsed="0.474705"/>
</if>
<if>
<branch type="IF" condition="${chkbox} == 1">
<kw name="Select Checkbox" owner="SeleniumLibrary">
<arg>${locator_chkSQL}</arg>
<doc>Selects the checkbox identified by ``locator``.</doc>
<status status="NOT RUN" start="2025-05-07T22:58:35.637870" elapsed="0.000075"/>
</kw>
<status status="NOT RUN" start="2025-05-07T22:58:35.637361" elapsed="0.000692"/>
</branch>
<branch type="ELSE IF" condition="${chkbox} == 2">
<kw name="Select Checkbox" owner="SeleniumLibrary">
<arg>${locator_chkSQL}</arg>
<doc>Selects the checkbox identified by ``locator``.</doc>
<status status="NOT RUN" start="2025-05-07T22:58:35.638417" elapsed="0.000048"/>
</kw>
<kw name="Select Checkbox" owner="SeleniumLibrary">
<arg>${locator_chkTest}</arg>
<doc>Selects the checkbox identified by ``locator``.</doc>
<status status="NOT RUN" start="2025-05-07T22:58:35.638628" elapsed="0.000066"/>
</kw>
<status status="NOT RUN" start="2025-05-07T22:58:35.638127" elapsed="0.000650"/>
</branch>
<branch type="ELSE IF" condition="${chkbox} == 3">
<kw name="Select Checkbox" owner="SeleniumLibrary">
<arg>${locator_chkSQL}</arg>
<doc>Selects the checkbox identified by ``locator``.</doc>
<status status="NOT RUN" start="2025-05-07T22:58:35.639254" elapsed="0.000064"/>
</kw>
<kw name="Select Checkbox" owner="SeleniumLibrary">
<arg>${locator_chkTest}</arg>
<doc>Selects the checkbox identified by ``locator``.</doc>
<status status="NOT RUN" start="2025-05-07T22:58:35.639529" elapsed="0.000050"/>
</kw>
<kw name="Select Checkbox" owner="SeleniumLibrary">
<arg>${locator_ChkAutomate1}</arg>
<doc>Selects the checkbox identified by ``locator``.</doc>
<status status="NOT RUN" start="2025-05-07T22:58:35.639920" elapsed="0.000087"/>
</kw>
<status status="NOT RUN" start="2025-05-07T22:58:35.638880" elapsed="0.001590"/>
</branch>
<branch type="ELSE IF" condition="${chkbox} == 4">
<kw name="Select Checkbox" owner="SeleniumLibrary">
<msg time="2025-05-07T22:58:35.641652" level="INFO">Selecting checkbox 'name=courses.SQL'.</msg>
<arg>${locator_chkSQL}</arg>
<doc>Selects the checkbox identified by ``locator``.</doc>
<status status="PASS" start="2025-05-07T22:58:35.641036" elapsed="0.710692"/>
</kw>
<kw name="Select Checkbox" owner="SeleniumLibrary">
<msg time="2025-05-07T22:58:36.352753" level="INFO">Selecting checkbox 'name=courses.Test Manual'.</msg>
<arg>${locator_chkTest}</arg>
<doc>Selects the checkbox identified by ``locator``.</doc>
<status status="PASS" start="2025-05-07T22:58:36.352201" elapsed="0.685132"/>
</kw>
<kw name="Select Checkbox" owner="SeleniumLibrary">
<msg time="2025-05-07T22:58:37.038369" level="INFO">Selecting checkbox 'name=courses.Automate Test'.</msg>
<arg>${locator_ChkAutomate1}</arg>
<doc>Selects the checkbox identified by ``locator``.</doc>
<status status="PASS" start="2025-05-07T22:58:37.037836" elapsed="0.663104"/>
</kw>
<kw name="Select Checkbox" owner="SeleniumLibrary">
<msg time="2025-05-07T22:58:37.701845" level="INFO">Selecting checkbox 'name=courses.Automate Test2'.</msg>
<arg>${locator_ChkAutomate2}</arg>
<doc>Selects the checkbox identified by ``locator``.</doc>
<status status="PASS" start="2025-05-07T22:58:37.701342" elapsed="0.667234"/>
</kw>
<status status="PASS" start="2025-05-07T22:58:35.640596" elapsed="2.728205"/>
</branch>
<status status="PASS" start="2025-05-07T22:58:35.637309" elapsed="2.731613"/>
</if>
<if>
<branch type="IF" condition="${nation} ==1">
<kw name=" Select List Nationality" owner="KeywordSearchPage">
<kw name="Click Element" owner="SeleniumLibrary">
<msg time="2025-05-07T22:58:38.370562" level="INFO">Clicking element 'id=nationality'.</msg>
<arg>${locator_nationality}</arg>
<doc>Click the element identified by ``locator``.</doc>
<status status="PASS" start="2025-05-07T22:58:38.370092" elapsed="0.546095"/>
</kw>
<kw name="Wait Until Element Is Visible" owner="SeleniumLibrary">
<arg>${locator_nationality-THAI}</arg>
<arg>5s</arg>
<doc>Waits until the element ``locator`` is visible.</doc>
<status status="PASS" start="2025-05-07T22:58:38.916665" elapsed="0.250709"/>
</kw>
<kw name="Click Element" owner="SeleniumLibrary">
<msg time="2025-05-07T22:58:39.168331" level="INFO">Clicking element 'xpath=//*[@id="menu-"]/div[3]/ul/li[221]'.</msg>
<arg>${locator_nationality-THAI}</arg>
<doc>Click the element identified by ``locator``.</doc>
<status status="PASS" start="2025-05-07T22:58:39.167812" elapsed="0.528053"/>
</kw>
<status status="PASS" start="2025-05-07T22:58:38.369644" elapsed="1.326503"/>
</kw>
<status status="PASS" start="2025-05-07T22:58:38.369115" elapsed="1.327144"/>
</branch>
<status status="PASS" start="2025-05-07T22:58:38.369064" elapsed="1.327321"/>
</if>
<if>
<branch type="IF" condition="${role} ==1">
<kw name="Select List courses" owner="KeywordSearchPage">
<kw name="Click Element" owner="SeleniumLibrary">
<msg time="2025-05-07T22:58:39.697914" level="INFO">Clicking element 'id=select-role'.</msg>
<arg>${locator_select-role}</arg>
<doc>Click the element identified by ``locator``.</doc>
<status status="PASS" start="2025-05-07T22:58:39.697581" elapsed="0.429203"/>
</kw>
<kw name="Wait Until Element Is Visible" owner="SeleniumLibrary">
<arg>${locator_select-role-list}</arg>
<arg>5s</arg>
<doc>Waits until the element ``locator`` is visible.</doc>
<status status="PASS" start="2025-05-07T22:58:40.127205" elapsed="0.244660"/>
</kw>
<kw name="Click Element" owner="SeleniumLibrary">
<msg time="2025-05-07T22:58:40.372965" level="INFO">Clicking element 'xpath=//*[@id="menu-"]/div[3]/ul/li[5]'.</msg>
<arg>${locator_select-role-list}</arg>
<doc>Click the element identified by ``locator``.</doc>
<status status="PASS" start="2025-05-07T22:58:40.372422" elapsed="0.342202"/>
</kw>
<status status="PASS" start="2025-05-07T22:58:39.697122" elapsed="1.017913"/>
</kw>
<status status="PASS" start="2025-05-07T22:58:39.696561" elapsed="1.018606"/>
</branch>
<status status="PASS" start="2025-05-07T22:58:39.696512" elapsed="1.018779"/>
</if>
<if>
<branch type="IF" condition="${plan} ==1">
<kw name="Select List Plan" owner="KeywordSearchPage">
<kw name="Click Element" owner="SeleniumLibrary">
<msg time="2025-05-07T22:58:40.716955" level="INFO">Clicking element 'id=select-plan'.</msg>
<arg>${locator_selectplan}</arg>
<doc>Click the element identified by ``locator``.</doc>
<status status="PASS" start="2025-05-07T22:58:40.716590" elapsed="0.360900"/>
</kw>
<kw name="Wait Until Element Is Visible" owner="SeleniumLibrary">
<arg>${locator_Selectplan2}</arg>
<arg>5s</arg>
<doc>Waits until the element ``locator`` is visible.</doc>
<status status="PASS" start="2025-05-07T22:58:41.077974" elapsed="0.238278"/>
</kw>
<kw name="Click Element" owner="SeleniumLibrary">
<msg time="2025-05-07T22:58:41.316983" level="INFO">Clicking element 'xpath=//*[@id="menu-"]/div[3]/ul/li[1]'.</msg>
<arg>${locator_Selectplan2}</arg>
<doc>Click the element identified by ``locator``.</doc>
<status status="PASS" start="2025-05-07T22:58:41.316602" elapsed="0.432118"/>
</kw>
<status status="PASS" start="2025-05-07T22:58:40.716071" elapsed="1.032920"/>
</kw>
<status status="PASS" start="2025-05-07T22:58:40.715483" elapsed="1.033585"/>
</branch>
<status status="PASS" start="2025-05-07T22:58:40.715426" elapsed="1.033721"/>
</if>
<kw name="Click Element" owner="SeleniumLibrary">
<msg time="2025-05-07T22:58:41.749738" level="INFO">Clicking element 'xpath=//*[@id="__next"]/div[1]/div[2]/main/div/div[3]/div/div/div/form/button'.</msg>
<arg>${locator_btnsignupforadduser}</arg>
<doc>Click the element identified by ``locator``.</doc>
<status status="PASS" start="2025-05-07T22:58:41.749355" elapsed="0.381434"/>
</kw>
<kw name="Verify error msg" owner="KeywordSearchPage">
<kw name="Get Text" owner="SeleniumLibrary">
<msg time="2025-05-07T22:58:42.377450" level="INFO">${txt} = This field is required</msg>
<var>${txt}</var>
<arg>${locator}</arg>
<doc>Returns the text value of the element identified by ``locator``.</doc>
<status status="PASS" start="2025-05-07T22:58:42.131846" elapsed="0.245723"/>
</kw>
<kw name="Should Be Equal As Strings" owner="BuiltIn">
<arg>${txt}</arg>
<arg>${mgs}</arg>
<doc>Fails if objects are unequal after converting them to strings.</doc>
<status status="PASS" start="2025-05-07T22:58:42.377873" elapsed="0.000424"/>
</kw>
<arg>${locator1}</arg>
<arg>${msg1}</arg>
<status status="PASS" start="2025-05-07T22:58:42.131220" elapsed="0.247230"/>
</kw>
<kw name="Close Browser" owner="SeleniumLibrary">
<doc>Closes the current browser.</doc>
<status status="PASS" start="2025-05-07T22:58:42.378625" elapsed="2.599418"/>
</kw>
<arg>${EMPTY}</arg>
<arg>chuduang</arg>
<arg>wisarut@gmail.com</arg>
<arg>123456</arg>
<arg>0863658554</arg>
<arg>male</arg>
<arg>4</arg>
<arg>1</arg>
<arg>1</arg>
<arg>1</arg>
<arg>${locator_err-firstname}</arg>
<arg>This field is required</arg>
<status status="PASS" start="2025-05-07T22:58:24.051458" elapsed="20.926922"/>
</kw>
<kw name="Input data add user Fail - test template" owner="KeywordSearchPage">
<kw name="Open webbrower" owner="KeywordSearchPage">
<kw name="Set Selenium Speed" owner="SeleniumLibrary">
<arg>0.1s</arg>
<doc>Sets the delay that is waited after each Selenium command.</doc>
<status status="PASS" start="2025-05-07T22:58:44.981594" elapsed="0.000307"/>
</kw>
<kw name="Open Browser" owner="SeleniumLibrary">
<msg time="2025-05-07T22:58:44.982408" level="INFO">Opening browser 'Chrome' to base url 'https://automate-test.stpb-digital.com/login/'.</msg>
<arg>${url}</arg>
<arg>${browser}</arg>
<doc>Opens a new browser instance to the optional ``url``.</doc>
<status status="PASS" start="2025-05-07T22:58:44.982103" elapsed="4.028382"/>
</kw>
<kw name="Wait Until Page Contains" owner="SeleniumLibrary">
<arg>Kru P' Beam</arg>
<arg>1s</arg>
<doc>Waits until ``text`` appears on the current page.</doc>
<status status="PASS" start="2025-05-07T22:58:49.011011" elapsed="0.170668"/>
</kw>
<kw name="Maximize Browser Window" owner="SeleniumLibrary">
<doc>Maximizes current browser window.</doc>
<status status="PASS" start="2025-05-07T22:58:49.182069" elapsed="0.158141"/>
</kw>
<status status="PASS" start="2025-05-07T22:58:44.981252" elapsed="4.359162"/>
</kw>
<kw name="Input data for login to search Page" owner="KeywordSearchPage">
<kw name="Input Text" owner="SeleniumLibrary">
<msg time="2025-05-07T22:58:49.341468" level="INFO">Typing text 'user.test@krupbeam.com' into text field 'id=email'.</msg>
<arg>${locator_emaillogin}</arg>
<arg>user.test@krupbeam.com</arg>
<doc>Types the given ``text`` into the text field identified by ``locator``.</doc>
<status status="PASS" start="2025-05-07T22:58:49.341144" elapsed="0.524088"/>
</kw>
<kw name="Input Text" owner="SeleniumLibrary">
<msg time="2025-05-07T22:58:49.866070" level="INFO">Typing text 'jKNsrapwLNV7eBN' into text field 'name=password'.</msg>
<arg>${locator_passwordlogin}</arg>
<arg>jKNsrapwLNV7eBN</arg>
<doc>Types the given ``text`` into the text field identified by ``locator``.</doc>
<status status="PASS" start="2025-05-07T22:58:49.865648" elapsed="0.511369"/>
</kw>
<kw name="Click Element" owner="SeleniumLibrary">
<msg time="2025-05-07T22:58:50.378119" level="INFO">Clicking element 'id=btn-login'.</msg>
<arg>${locator_btnlogin}</arg>
<doc>Click the element identified by ``locator``.</doc>
<status status="PASS" start="2025-05-07T22:58:50.377608" elapsed="0.376240"/>
</kw>
<kw name="Wait Until Page Contains" owner="SeleniumLibrary">
<arg>Search Filters</arg>
<arg>5s</arg>
<doc>Waits until ``text`` appears on the current page.</doc>
<status status="PASS" start="2025-05-07T22:58:50.754370" elapsed="0.695971"/>
</kw>
<status status="PASS" start="2025-05-07T22:58:49.340722" elapsed="2.110041"/>
</kw>
<kw name="Click Element" owner="SeleniumLibrary">
<msg time="2025-05-07T22:58:51.451845" level="INFO">Clicking element 'xpath=//*[@id="__next"]/div[1]/div[2]/main/div/div[2]/div/div[1]/div/a'.</msg>
<arg>${locator_btnAdduser}</arg>
<doc>Click the element identified by ``locator``.</doc>
<status status="PASS" start="2025-05-07T22:58:51.451179" elapsed="0.373228"/>
</kw>
<kw name="Wait Until Page Contains" owner="SeleniumLibrary">
<arg>Form User</arg>
<doc>Waits until ``text`` appears on the current page.</doc>
<status status="PASS" start="2025-05-07T22:58:51.824835" elapsed="0.157923"/>
</kw>
<kw name="Input Text" owner="SeleniumLibrary">
<msg time="2025-05-07T22:58:51.983847" level="INFO">Typing text 'wisarut' into text field 'id=firstname'.</msg>
<arg>${locator_firstname}</arg>
<arg>${firstname}</arg>
<doc>Types the given ``text`` into the text field identified by ``locator``.</doc>
<status status="PASS" start="2025-05-07T22:58:51.983202" elapsed="0.439610"/>
</kw>
<kw name="Input Text" owner="SeleniumLibrary">
<msg time="2025-05-07T22:58:52.423853" level="INFO">Typing text '' into text field 'id=lastname'.</msg>
<arg>${locator_lastname}</arg>
<arg>${lastname}</arg>
<doc>Types the given ``text`` into the text field identified by ``locator``.</doc>
<status status="PASS" start="2025-05-07T22:58:52.423297" elapsed="0.433324"/>
</kw>
<kw name="Input Text" owner="SeleniumLibrary">
<msg time="2025-05-07T22:58:52.857528" level="INFO">Typing text 'wisarut@gmail.com' into text field 'id=email'.</msg>
<arg>${locator_email}</arg>
<arg>${email}</arg>
<doc>Types the given ``text`` into the text field identified by ``locator``.</doc>
<status status="PASS" start="2025-05-07T22:58:52.857024" elapsed="0.529376"/>
</kw>
<kw name="Input Text" owner="SeleniumLibrary">
<msg time="2025-05-07T22:58:53.387371" level="INFO">Typing text '123456' into text field 'id=password'.</msg>
<arg>${locator_password}</arg>
<arg>${password}</arg>
<doc>Types the given ``text`` into the text field identified by ``locator``.</doc>
<status status="PASS" start="2025-05-07T22:58:53.386840" elapsed="0.475261"/>
</kw>
<kw name="Input Text" owner="SeleniumLibrary">
<msg time="2025-05-07T22:58:53.863065" level="INFO">Typing text '0863658554' into text field 'id=mobile-phone'.</msg>
<arg>${locator_mobilephone}</arg>
<arg>${mobile}</arg>
<doc>Types the given ``text`` into the text field identified by ``locator``.</doc>
<status status="PASS" start="2025-05-07T22:58:53.862552" elapsed="0.484643"/>
</kw>
<if>
<branch type="IF" condition="&quot;${gender}&quot; != &quot;emp&quot;">
<kw name="Select Radio Button" owner="SeleniumLibrary">
<msg time="2025-05-07T22:58:54.348276" level="INFO">Selecting 'male' from radio button 'validation-basic-radio'.</msg>
<arg>${locator_Gender}</arg>
<arg>${gender}</arg>
<doc>Sets the radio button group ``group_name`` to ``value``.</doc>
<status status="PASS" start="2025-05-07T22:58:54.347959" elapsed="0.467218"/>
</kw>
<status status="PASS" start="2025-05-07T22:58:54.347497" elapsed="0.467883"/>
</branch>
<status status="PASS" start="2025-05-07T22:58:54.347439" elapsed="0.468042"/>
</if>
<if>
<branch type="IF" condition="${chkbox} == 1">
<kw name="Select Checkbox" owner="SeleniumLibrary">
<msg time="2025-05-07T22:58:54.816480" level="INFO">Selecting checkbox 'name=courses.SQL'.</msg>
<arg>${locator_chkSQL}</arg>
<doc>Selects the checkbox identified by ``locator``.</doc>
<status status="PASS" start="2025-05-07T22:58:54.816105" elapsed="0.728175"/>
</kw>
<status status="PASS" start="2025-05-07T22:58:54.815653" elapsed="0.728813"/>
</branch>
<branch type="ELSE IF" condition="${chkbox} == 2">
<kw name="Select Checkbox" owner="SeleniumLibrary">
<arg>${locator_chkSQL}</arg>
<doc>Selects the checkbox identified by ``locator``.</doc>
<status status="NOT RUN" start="2025-05-07T22:58:55.544870" elapsed="0.000062"/>
</kw>
<kw name="Select Checkbox" owner="SeleniumLibrary">
<arg>${locator_chkTest}</arg>
<doc>Selects the checkbox identified by ``locator``.</doc>
<status status="NOT RUN" start="2025-05-07T22:58:55.545143" elapsed="0.000047"/>
</kw>
<status status="NOT RUN" start="2025-05-07T22:58:55.544568" elapsed="0.000707"/>
</branch>
<branch type="ELSE IF" condition="${chkbox} == 3">
<kw name="Select Checkbox" owner="SeleniumLibrary">
<arg>${locator_chkSQL}</arg>
<doc>Selects the checkbox identified by ``locator``.</doc>
<status status="NOT RUN" start="2025-05-07T22:58:55.545506" elapsed="0.000043"/>
</kw>
<kw name="Select Checkbox" owner="SeleniumLibrary">
<arg>${locator_chkTest}</arg>
<doc>Selects the checkbox identified by ``locator``.</doc>
<status status="NOT RUN" start="2025-05-07T22:58:55.545689" elapsed="0.000045"/>
</kw>
<kw name="Select Checkbox" owner="SeleniumLibrary">
<arg>${locator_ChkAutomate1}</arg>
<doc>Selects the checkbox identified by ``locator``.</doc>
<status status="NOT RUN" start="2025-05-07T22:58:55.545880" elapsed="0.000040"/>
</kw>
<status status="NOT RUN" start="2025-05-07T22:58:55.545358" elapsed="0.000624"/>
</branch>
<branch type="ELSE IF" condition="${chkbox} == 4">
<kw name="Select Checkbox" owner="SeleniumLibrary">
<arg>${locator_chkSQL}</arg>
<doc>Selects the checkbox identified by ``locator``.</doc>
<status status="NOT RUN" start="2025-05-07T22:58:55.546168" elapsed="0.000040"/>
</kw>
<kw name="Select Checkbox" owner="SeleniumLibrary">
<arg>${locator_chkTest}</arg>
<doc>Selects the checkbox identified by ``locator``.</doc>
<status status="NOT RUN" start="2025-05-07T22:58:55.546337" elapsed="0.000040"/>
</kw>
<kw name="Select Checkbox" owner="SeleniumLibrary">
<arg>${locator_ChkAutomate1}</arg>
<doc>Selects the checkbox identified by ``locator``.</doc>
<status status="NOT RUN" start="2025-05-07T22:58:55.546519" elapsed="0.000041"/>
</kw>
<kw name="Select Checkbox" owner="SeleniumLibrary">
<arg>${locator_ChkAutomate2}</arg>
<doc>Selects the checkbox identified by ``locator``.</doc>
<status status="NOT RUN" start="2025-05-07T22:58:55.546688" elapsed="0.000039"/>
</kw>
<status status="NOT RUN" start="2025-05-07T22:58:55.546040" elapsed="0.000754"/>
</branch>
<status status="PASS" start="2025-05-07T22:58:54.815603" elapsed="0.731331"/>
</if>
<if>
<branch type="IF" condition="${nation} ==1">
<kw name=" Select List Nationality" owner="KeywordSearchPage">
<kw name="Click Element" owner="SeleniumLibrary">
<msg time="2025-05-07T22:58:55.548152" level="INFO">Clicking element 'id=nationality'.</msg>
<arg>${locator_nationality}</arg>
<doc>Click the element identified by ``locator``.</doc>
<status status="PASS" start="2025-05-07T22:58:55.547852" elapsed="0.512915"/>
</kw>
<kw name="Wait Until Element Is Visible" owner="SeleniumLibrary">
<arg>${locator_nationality-THAI}</arg>
<arg>5s</arg>
<doc>Waits until the element ``locator`` is visible.</doc>
<status status="PASS" start="2025-05-07T22:58:56.061252" elapsed="0.245216"/>
</kw>
<kw name="Click Element" owner="SeleniumLibrary">
<msg time="2025-05-07T22:58:56.307224" level="INFO">Clicking element 'xpath=//*[@id="menu-"]/div[3]/ul/li[221]'.</msg>
<arg>${locator_nationality-THAI}</arg>
<doc>Click the element identified by ``locator``.</doc>
<status status="PASS" start="2025-05-07T22:58:56.306846" elapsed="0.509956"/>
</kw>
<status status="PASS" start="2025-05-07T22:58:55.547449" elapsed="1.269684"/>
</kw>
<status status="PASS" start="2025-05-07T22:58:55.547052" elapsed="1.270168"/>
</branch>
<status status="PASS" start="2025-05-07T22:58:55.547021" elapsed="1.270288"/>
</if>
<if>
<branch type="IF" condition="${role} ==1">
<kw name="Select List courses" owner="KeywordSearchPage">
<kw name="Click Element" owner="SeleniumLibrary">
<msg time="2025-05-07T22:58:56.819064" level="INFO">Clicking element 'id=select-role'.</msg>
<arg>${locator_select-role}</arg>
<doc>Click the element identified by ``locator``.</doc>
<status status="PASS" start="2025-05-07T22:58:56.818667" elapsed="0.432601"/>
</kw>
<kw name="Wait Until Element Is Visible" owner="SeleniumLibrary">
<arg>${locator_select-role-list}</arg>
<arg>5s</arg>
<doc>Waits until the element ``locator`` is visible.</doc>
<status status="PASS" start="2025-05-07T22:58:57.251960" elapsed="0.245648"/>
</kw>
<kw name="Click Element" owner="SeleniumLibrary">
<msg time="2025-05-07T22:58:57.498496" level="INFO">Clicking element 'xpath=//*[@id="menu-"]/div[3]/ul/li[5]'.</msg>
<arg>${locator_select-role-list}</arg>
<doc>Click the element identified by ``locator``.</doc>
<status status="PASS" start="2025-05-07T22:58:57.498043" elapsed="0.332714"/>
</kw>
<status status="PASS" start="2025-05-07T22:58:56.818181" elapsed="1.012886"/>
</kw>
<status status="PASS" start="2025-05-07T22:58:56.817487" elapsed="1.013681"/>
</branch>
<status status="PASS" start="2025-05-07T22:58:56.817437" elapsed="1.013843"/>
</if>
<if>
<branch type="IF" condition="${plan} ==1">
<kw name="Select List Plan" owner="KeywordSearchPage">
<kw name="Click Element" owner="SeleniumLibrary">
<msg time="2025-05-07T22:58:57.833014" level="INFO">Clicking element 'id=select-plan'.</msg>
<arg>${locator_selectplan}</arg>
<doc>Click the element identified by ``locator``.</doc>
<status status="PASS" start="2025-05-07T22:58:57.832454" elapsed="0.347618"/>
</kw>
<kw name="Wait Until Element Is Visible" owner="SeleniumLibrary">
<arg>${locator_Selectplan2}</arg>
<arg>5s</arg>
<doc>Waits until the element ``locator`` is visible.</doc>
<status status="PASS" start="2025-05-07T22:58:58.180554" elapsed="0.242959"/>
</kw>
<kw name="Click Element" owner="SeleniumLibrary">
<msg time="2025-05-07T22:58:58.424465" level="INFO">Clicking element 'xpath=//*[@id="menu-"]/div[3]/ul/li[1]'.</msg>
<arg>${locator_Selectplan2}</arg>
<doc>Click the element identified by ``locator``.</doc>
<status status="PASS" start="2025-05-07T22:58:58.424002" elapsed="0.333932"/>
</kw>
<status status="PASS" start="2025-05-07T22:58:57.832030" elapsed="0.926296"/>
</kw>
<status status="PASS" start="2025-05-07T22:58:57.831474" elapsed="0.926943"/>
</branch>
<status status="PASS" start="2025-05-07T22:58:57.831414" elapsed="0.927104"/>
</if>
<kw name="Click Element" owner="SeleniumLibrary">
<msg time="2025-05-07T22:58:58.759345" level="INFO">Clicking element 'xpath=//*[@id="__next"]/div[1]/div[2]/main/div/div[3]/div/div/div/form/button'.</msg>
<arg>${locator_btnsignupforadduser}</arg>
<doc>Click the element identified by ``locator``.</doc>
<status status="PASS" start="2025-05-07T22:58:58.758840" elapsed="0.381629"/>
</kw>
<kw name="Verify error msg" owner="KeywordSearchPage">
<kw name="Get Text" owner="SeleniumLibrary">
<msg time="2025-05-07T22:58:59.389668" level="INFO">${txt} = This field is required</msg>
<var>${txt}</var>
<arg>${locator}</arg>
<doc>Returns the text value of the element identified by ``locator``.</doc>
<status status="PASS" start="2025-05-07T22:58:59.141719" elapsed="0.248040"/>
</kw>
<kw name="Should Be Equal As Strings" owner="BuiltIn">
<arg>${txt}</arg>
<arg>${mgs}</arg>
<doc>Fails if objects are unequal after converting them to strings.</doc>
<status status="PASS" start="2025-05-07T22:58:59.390042" elapsed="0.000522"/>
</kw>
<arg>${locator1}</arg>
<arg>${msg1}</arg>
<status status="PASS" start="2025-05-07T22:58:59.140994" elapsed="0.249833"/>
</kw>
<kw name="Close Browser" owner="SeleniumLibrary">
<doc>Closes the current browser.</doc>
<status status="PASS" start="2025-05-07T22:58:59.391193" elapsed="3.099399"/>
</kw>
<arg>wisarut</arg>
<arg>${EMPTY}</arg>
<arg>wisarut@gmail.com</arg>
<arg>123456</arg>
<arg>0863658554</arg>
<arg>male</arg>
<arg>1</arg>
<arg>1</arg>
<arg>1</arg>
<arg>1</arg>
<arg>${locator_err-lastname}</arg>
<arg>This field is required</arg>
<status status="PASS" start="2025-05-07T22:58:44.979569" elapsed="17.511297"/>
</kw>
<kw name="Input data add user Fail - test template" owner="KeywordSearchPage">
<kw name="Open webbrower" owner="KeywordSearchPage">
<kw name="Set Selenium Speed" owner="SeleniumLibrary">
<arg>0.1s</arg>
<doc>Sets the delay that is waited after each Selenium command.</doc>
<status status="PASS" start="2025-05-07T22:59:02.493953" elapsed="0.000306"/>
</kw>
<kw name="Open Browser" owner="SeleniumLibrary">
<msg time="2025-05-07T22:59:02.494762" level="INFO">Opening browser 'Chrome' to base url 'https://automate-test.stpb-digital.com/login/'.</msg>
<arg>${url}</arg>
<arg>${browser}</arg>
<doc>Opens a new browser instance to the optional ``url``.</doc>
<status status="PASS" start="2025-05-07T22:59:02.494469" elapsed="4.351574"/>
</kw>
<kw name="Wait Until Page Contains" owner="SeleniumLibrary">
<arg>Kru P' Beam</arg>
<arg>1s</arg>
<doc>Waits until ``text`` appears on the current page.</doc>
<status status="PASS" start="2025-05-07T22:59:06.846872" elapsed="0.170706"/>
</kw>
<kw name="Maximize Browser Window" owner="SeleniumLibrary">
<doc>Maximizes current browser window.</doc>
<status status="PASS" start="2025-05-07T22:59:07.018013" elapsed="0.168234"/>
</kw>
<status status="PASS" start="2025-05-07T22:59:02.493599" elapsed="4.692929"/>
</kw>
<kw name="Input data for login to search Page" owner="KeywordSearchPage">
<kw name="Input Text" owner="SeleniumLibrary">
<msg time="2025-05-07T22:59:07.188134" level="INFO">Typing text 'user.test@krupbeam.com' into text field 'id=email'.</msg>
<arg>${locator_emaillogin}</arg>
<arg>user.test@krupbeam.com</arg>
<doc>Types the given ``text`` into the text field identified by ``locator``.</doc>
<status status="PASS" start="2025-05-07T22:59:07.187683" elapsed="0.531078"/>
</kw>
<kw name="Input Text" owner="SeleniumLibrary">
<msg time="2025-05-07T22:59:07.719801" level="INFO">Typing text 'jKNsrapwLNV7eBN' into text field 'name=password'.</msg>
<arg>${locator_passwordlogin}</arg>
<arg>jKNsrapwLNV7eBN</arg>
<doc>Types the given ``text`` into the text field identified by ``locator``.</doc>
<status status="PASS" start="2025-05-07T22:59:07.719253" elapsed="0.532304"/>
</kw>
<kw name="Click Element" owner="SeleniumLibrary">
<msg time="2025-05-07T22:59:08.252425" level="INFO">Clicking element 'id=btn-login'.</msg>
<arg>${locator_btnlogin}</arg>
<doc>Click the element identified by ``locator``.</doc>
<status status="PASS" start="2025-05-07T22:59:08.251986" elapsed="0.374941"/>
</kw>
<kw name="Wait Until Page Contains" owner="SeleniumLibrary">
<arg>Search Filters</arg>
<arg>5s</arg>
<doc>Waits until ``text`` appears on the current page.</doc>
<status status="PASS" start="2025-05-07T22:59:08.627823" elapsed="0.792548"/>
</kw>
<status status="PASS" start="2025-05-07T22:59:07.187092" elapsed="2.233571"/>
</kw>
<kw name="Click Element" owner="SeleniumLibrary">
<msg time="2025-05-07T22:59:09.421348" level="INFO">Clicking element 'xpath=//*[@id="__next"]/div[1]/div[2]/main/div/div[2]/div/div[1]/div/a'.</msg>
<arg>${locator_btnAdduser}</arg>
<doc>Click the element identified by ``locator``.</doc>
<status status="PASS" start="2025-05-07T22:59:09.420926" elapsed="0.350515"/>
</kw>
<kw name="Wait Until Page Contains" owner="SeleniumLibrary">
<arg>Form User</arg>
<doc>Waits until ``text`` appears on the current page.</doc>
<status status="PASS" start="2025-05-07T22:59:09.771803" elapsed="0.122408"/>
</kw>
<kw name="Input Text" owner="SeleniumLibrary">
<msg time="2025-05-07T22:59:09.895267" level="INFO">Typing text 'wisarut' into text field 'id=firstname'.</msg>
<arg>${locator_firstname}</arg>
<arg>${firstname}</arg>
<doc>Types the given ``text`` into the text field identified by ``locator``.</doc>
<status status="PASS" start="2025-05-07T22:59:09.894675" elapsed="0.451218"/>
</kw>
<kw name="Input Text" owner="SeleniumLibrary">
<msg time="2025-05-07T22:59:10.347136" level="INFO">Typing text 'chuduang' into text field 'id=lastname'.</msg>
<arg>${locator_lastname}</arg>
<arg>${lastname}</arg>
<doc>Types the given ``text`` into the text field identified by ``locator``.</doc>
<status status="PASS" start="2025-05-07T22:59:10.346499" elapsed="0.508072"/>
</kw>
<kw name="Input Text" owner="SeleniumLibrary">
<msg time="2025-05-07T22:59:10.855577" level="INFO">Typing text '' into text field 'id=email'.</msg>
<arg>${locator_email}</arg>
<arg>${email}</arg>
<doc>Types the given ``text`` into the text field identified by ``locator``.</doc>
<status status="PASS" start="2025-05-07T22:59:10.855050" elapsed="0.458679"/>
</kw>
<kw name="Input Text" owner="SeleniumLibrary">
<msg time="2025-05-07T22:59:11.315523" level="INFO">Typing text '123456' into text field 'id=password'.</msg>
<arg>${locator_password}</arg>
<arg>${password}</arg>
<doc>Types the given ``text`` into the text field identified by ``locator``.</doc>
<status status="PASS" start="2025-05-07T22:59:11.314602" elapsed="0.477830"/>
</kw>
<kw name="Input Text" owner="SeleniumLibrary">
<msg time="2025-05-07T22:59:11.793426" level="INFO">Typing text '0863658554' into text field 'id=mobile-phone'.</msg>
<arg>${locator_mobilephone}</arg>
<arg>${mobile}</arg>
<doc>Types the given ``text`` into the text field identified by ``locator``.</doc>
<status status="PASS" start="2025-05-07T22:59:11.792878" elapsed="0.519651"/>
</kw>
<if>
<branch type="IF" condition="&quot;${gender}&quot; != &quot;emp&quot;">
<kw name="Select Radio Button" owner="SeleniumLibrary">
<msg time="2025-05-07T22:59:12.314341" level="INFO">Selecting 'male' from radio button 'validation-basic-radio'.</msg>
<arg>${locator_Gender}</arg>
<arg>${gender}</arg>
<doc>Sets the radio button group ``group_name`` to ``value``.</doc>
<status status="PASS" start="2025-05-07T22:59:12.313744" elapsed="0.462987"/>
</kw>
<status status="PASS" start="2025-05-07T22:59:12.313032" elapsed="0.463954"/>
</branch>
<status status="PASS" start="2025-05-07T22:59:12.312949" elapsed="0.464140"/>
</if>
<if>
<branch type="IF" condition="${chkbox} == 1">
<kw name="Select Checkbox" owner="SeleniumLibrary">
<msg time="2025-05-07T22:59:12.778850" level="INFO">Selecting checkbox 'name=courses.SQL'.</msg>
<arg>${locator_chkSQL}</arg>
<doc>Selects the checkbox identified by ``locator``.</doc>
<status status="PASS" start="2025-05-07T22:59:12.777826" elapsed="0.695408"/>
</kw>
<status status="PASS" start="2025-05-07T22:59:12.777269" elapsed="0.696322"/>
</branch>
<branch type="ELSE IF" condition="${chkbox} == 2">
<kw name="Select Checkbox" owner="SeleniumLibrary">
<arg>${locator_chkSQL}</arg>
<doc>Selects the checkbox identified by ``locator``.</doc>
<status status="NOT RUN" start="2025-05-07T22:59:13.474172" elapsed="0.000075"/>
</kw>
<kw name="Select Checkbox" owner="SeleniumLibrary">
<arg>${locator_chkTest}</arg>
<doc>Selects the checkbox identified by ``locator``.</doc>
<status status="NOT RUN" start="2025-05-07T22:59:13.474531" elapsed="0.000063"/>
</kw>
<status status="NOT RUN" start="2025-05-07T22:59:13.473775" elapsed="0.000923"/>
</branch>
<branch type="ELSE IF" condition="${chkbox} == 3">
<kw name="Select Checkbox" owner="SeleniumLibrary">
<arg>${locator_chkSQL}</arg>
<doc>Selects the checkbox identified by ``locator``.</doc>
<status status="NOT RUN" start="2025-05-07T22:59:13.474955" elapsed="0.000041"/>
</kw>
<kw name="Select Checkbox" owner="SeleniumLibrary">
<arg>${locator_chkTest}</arg>
<doc>Selects the checkbox identified by ``locator``.</doc>
<status status="NOT RUN" start="2025-05-07T22:59:13.475135" elapsed="0.000040"/>
</kw>
<kw name="Select Checkbox" owner="SeleniumLibrary">
<arg>${locator_ChkAutomate1}</arg>
<doc>Selects the checkbox identified by ``locator``.</doc>
<status status="NOT RUN" start="2025-05-07T22:59:13.475305" elapsed="0.000040"/>
</kw>
<status status="NOT RUN" start="2025-05-07T22:59:13.474780" elapsed="0.000657"/>
</branch>
<branch type="ELSE IF" condition="${chkbox} == 4">
<kw name="Select Checkbox" owner="SeleniumLibrary">
<arg>${locator_chkSQL}</arg>
<doc>Selects the checkbox identified by ``locator``.</doc>
<status status="NOT RUN" start="2025-05-07T22:59:13.475670" elapsed="0.000040"/>
</kw>
<kw name="Select Checkbox" owner="SeleniumLibrary">
<arg>${locator_chkTest}</arg>
<doc>Selects the checkbox identified by ``locator``.</doc>
<status status="NOT RUN" start="2025-05-07T22:59:13.475842" elapsed="0.000038"/>
</kw>
<kw name="Select Checkbox" owner="SeleniumLibrary">
<arg>${locator_ChkAutomate1}</arg>
<doc>Selects the checkbox identified by ``locator``.</doc>
<status status="NOT RUN" start="2025-05-07T22:59:13.476006" elapsed="0.000039"/>
</kw>
<kw name="Select Checkbox" owner="SeleniumLibrary">
<arg>${locator_ChkAutomate2}</arg>
<doc>Selects the checkbox identified by ``locator``.</doc>
<status status="NOT RUN" start="2025-05-07T22:59:13.476173" elapsed="0.000059"/>
</kw>
<status status="NOT RUN" start="2025-05-07T22:59:13.475534" elapsed="0.000759"/>
</branch>
<status status="PASS" start="2025-05-07T22:59:12.777213" elapsed="0.699141"/>
</if>
<if>
<branch type="IF" condition="${nation} ==1">
<kw name=" Select List Nationality" owner="KeywordSearchPage">
<kw name="Click Element" owner="SeleniumLibrary">
<msg time="2025-05-07T22:59:13.477739" level="INFO">Clicking element 'id=nationality'.</msg>
<arg>${locator_nationality}</arg>
<doc>Click the element identified by ``locator``.</doc>
<status status="PASS" start="2025-05-07T22:59:13.477372" elapsed="0.512658"/>
</kw>
<kw name="Wait Until Element Is Visible" owner="SeleniumLibrary">
<arg>${locator_nationality-THAI}</arg>
<arg>5s</arg>
<doc>Waits until the element ``locator`` is visible.</doc>
<status status="PASS" start="2025-05-07T22:59:13.990581" elapsed="0.250287"/>
</kw>
<kw name="Click Element" owner="SeleniumLibrary">
<msg time="2025-05-07T22:59:14.241619" level="INFO">Clicking element 'xpath=//*[@id="menu-"]/div[3]/ul/li[221]'.</msg>
<arg>${locator_nationality-THAI}</arg>
<doc>Click the element identified by ``locator``.</doc>
<status status="PASS" start="2025-05-07T22:59:14.241231" elapsed="0.457947"/>
</kw>
<status status="PASS" start="2025-05-07T22:59:13.476976" elapsed="1.222484"/>
</kw>
<status status="PASS" start="2025-05-07T22:59:13.476523" elapsed="1.223049"/>
</branch>
<status status="PASS" start="2025-05-07T22:59:13.476466" elapsed="1.223225"/>
</if>
<if>
<branch type="IF" condition="${role} ==1">
<kw name="Select List courses" owner="KeywordSearchPage">
<kw name="Click Element" owner="SeleniumLibrary">
<msg time="2025-05-07T22:59:14.701183" level="INFO">Clicking element 'id=select-role'.</msg>
<arg>${locator_select-role}</arg>
<doc>Click the element identified by ``locator``.</doc>
<status status="PASS" start="2025-05-07T22:59:14.700876" elapsed="0.430918"/>
</kw>
<kw name="Wait Until Element Is Visible" owner="SeleniumLibrary">
<arg>${locator_select-role-list}</arg>
<arg>5s</arg>
<doc>Waits until the element ``locator`` is visible.</doc>
<status status="PASS" start="2025-05-07T22:59:15.132354" elapsed="0.246435"/>
</kw>
<kw name="Click Element" owner="SeleniumLibrary">
<msg time="2025-05-07T22:59:15.379862" level="INFO">Clicking element 'xpath=//*[@id="menu-"]/div[3]/ul/li[5]'.</msg>
<arg>${locator_select-role-list}</arg>
<doc>Click the element identified by ``locator``.</doc>
<status status="PASS" start="2025-05-07T22:59:15.379270" elapsed="0.321086"/>
</kw>
<status status="PASS" start="2025-05-07T22:59:14.700458" elapsed="1.000224"/>
</kw>
<status status="PASS" start="2025-05-07T22:59:14.699937" elapsed="1.000827"/>
</branch>
<status status="PASS" start="2025-05-07T22:59:14.699854" elapsed="1.001002"/>
</if>
<if>
<branch type="IF" condition="${plan} ==1">
<kw name="Select List Plan" owner="KeywordSearchPage">
<kw name="Click Element" owner="SeleniumLibrary">
<msg time="2025-05-07T22:59:15.702301" level="INFO">Clicking element 'id=select-plan'.</msg>
<arg>${locator_selectplan}</arg>
<doc>Click the element identified by ``locator``.</doc>
<status status="PASS" start="2025-05-07T22:59:15.701966" elapsed="0.344336"/>
</kw>
<kw name="Wait Until Element Is Visible" owner="SeleniumLibrary">
<arg>${locator_Selectplan2}</arg>
<arg>5s</arg>
<doc>Waits until the element ``locator`` is visible.</doc>
<status status="PASS" start="2025-05-07T22:59:16.046793" elapsed="0.240676"/>
</kw>
<kw name="Click Element" owner="SeleniumLibrary">
<msg time="2025-05-07T22:59:16.288411" level="INFO">Clicking element 'xpath=//*[@id="menu-"]/div[3]/ul/li[1]'.</msg>
<arg>${locator_Selectplan2}</arg>
<doc>Click the element identified by ``locator``.</doc>
<status status="PASS" start="2025-05-07T22:59:16.287874" elapsed="0.321619"/>
</kw>
<status status="PASS" start="2025-05-07T22:59:15.701535" elapsed="0.908213"/>
</kw>
<status status="PASS" start="2025-05-07T22:59:15.701015" elapsed="0.908811"/>
</branch>
<status status="PASS" start="2025-05-07T22:59:15.700965" elapsed="0.908972"/>
</if>
<kw name="Click Element" owner="SeleniumLibrary">
<msg time="2025-05-07T22:59:16.610865" level="INFO">Clicking element 'xpath=//*[@id="__next"]/div[1]/div[2]/main/div/div[3]/div/div/div/form/button'.</msg>
<arg>${locator_btnsignupforadduser}</arg>
<doc>Click the element identified by ``locator``.</doc>
<status status="PASS" start="2025-05-07T22:59:16.610241" elapsed="0.374594"/>
</kw>
<kw name="Verify error msg" owner="KeywordSearchPage">
<kw name="Get Text" owner="SeleniumLibrary">
<msg time="2025-05-07T22:59:17.232221" level="INFO">${txt} = This field is required</msg>
<var>${txt}</var>
<arg>${locator}</arg>
<doc>Returns the text value of the element identified by ``locator``.</doc>
<status status="PASS" start="2025-05-07T22:59:16.986261" elapsed="0.246095"/>
</kw>
<kw name="Should Be Equal As Strings" owner="BuiltIn">
<arg>${txt}</arg>
<arg>${mgs}</arg>
<doc>Fails if objects are unequal after converting them to strings.</doc>
<status status="PASS" start="2025-05-07T22:59:17.232727" elapsed="0.000414"/>
</kw>
<arg>${locator1}</arg>
<arg>${msg1}</arg>
<status status="PASS" start="2025-05-07T22:59:16.985429" elapsed="0.247862"/>
</kw>
<kw name="Close Browser" owner="SeleniumLibrary">
<doc>Closes the current browser.</doc>
<status status="PASS" start="2025-05-07T22:59:17.233498" elapsed="4.065897"/>
</kw>
<arg>wisarut</arg>
<arg>chuduang</arg>
<arg>${EMPTY}</arg>
<arg>123456</arg>
<arg>0863658554</arg>
<arg>male</arg>
<arg>1</arg>
<arg>1</arg>
<arg>1</arg>
<arg>1</arg>
<arg>${locator_err-email}</arg>
<arg>This field is required</arg>
<status status="PASS" start="2025-05-07T22:59:02.492053" elapsed="18.807708"/>
</kw>
<kw name="Input data add user Fail - test template" owner="KeywordSearchPage">
<kw name="Open webbrower" owner="KeywordSearchPage">
<kw name="Set Selenium Speed" owner="SeleniumLibrary">
<arg>0.1s</arg>
<doc>Sets the delay that is waited after each Selenium command.</doc>
<status status="PASS" start="2025-05-07T22:59:21.304391" elapsed="0.000467"/>
</kw>
<kw name="Open Browser" owner="SeleniumLibrary">
<msg time="2025-05-07T22:59:21.305590" level="INFO">Opening browser 'Chrome' to base url 'https://automate-test.stpb-digital.com/login/'.</msg>
<arg>${url}</arg>
<arg>${browser}</arg>
<doc>Opens a new browser instance to the optional ``url``.</doc>
<status status="PASS" start="2025-05-07T22:59:21.305163" elapsed="5.075731"/>
</kw>
<kw name="Wait Until Page Contains" owner="SeleniumLibrary">
<arg>Kru P' Beam</arg>
<arg>1s</arg>
<doc>Waits until ``text`` appears on the current page.</doc>
<status status="PASS" start="2025-05-07T22:59:26.381335" elapsed="0.207427"/>
</kw>
<kw name="Maximize Browser Window" owner="SeleniumLibrary">
<doc>Maximizes current browser window.</doc>
<status status="PASS" start="2025-05-07T22:59:26.589388" elapsed="0.152725"/>
</kw>
<status status="PASS" start="2025-05-07T22:59:21.303851" elapsed="5.438595"/>
</kw>
<kw name="Input data for login to search Page" owner="KeywordSearchPage">
<kw name="Input Text" owner="SeleniumLibrary">
<msg time="2025-05-07T22:59:26.744344" level="INFO">Typing text 'user.test@krupbeam.com' into text field 'id=email'.</msg>
<arg>${locator_emaillogin}</arg>
<arg>user.test@krupbeam.com</arg>
<doc>Types the given ``text`` into the text field identified by ``locator``.</doc>
<status status="PASS" start="2025-05-07T22:59:26.743840" elapsed="0.538462"/>
</kw>
<kw name="Input Text" owner="SeleniumLibrary">
<msg time="2025-05-07T22:59:27.283281" level="INFO">Typing text 'jKNsrapwLNV7eBN' into text field 'name=password'.</msg>
<arg>${locator_passwordlogin}</arg>
<arg>jKNsrapwLNV7eBN</arg>
<doc>Types the given ``text`` into the text field identified by ``locator``.</doc>
<status status="PASS" start="2025-05-07T22:59:27.282756" elapsed="0.525034"/>
</kw>
<kw name="Click Element" owner="SeleniumLibrary">
<msg time="2025-05-07T22:59:27.808890" level="INFO">Clicking element 'id=btn-login'.</msg>
<arg>${locator_btnlogin}</arg>
<doc>Click the element identified by ``locator``.</doc>
<status status="PASS" start="2025-05-07T22:59:27.808283" elapsed="0.388986"/>
</kw>
<kw name="Wait Until Page Contains" owner="SeleniumLibrary">
<arg>Search Filters</arg>
<arg>5s</arg>
<doc>Waits until ``text`` appears on the current page.</doc>
<status status="PASS" start="2025-05-07T22:59:28.197594" elapsed="0.817123"/>
</kw>
<status status="PASS" start="2025-05-07T22:59:26.743039" elapsed="2.272045"/>
</kw>
<kw name="Click Element" owner="SeleniumLibrary">
<msg time="2025-05-07T22:59:29.015949" level="INFO">Clicking element 'xpath=//*[@id="__next"]/div[1]/div[2]/main/div/div[2]/div/div[1]/div/a'.</msg>
<arg>${locator_btnAdduser}</arg>
<doc>Click the element identified by ``locator``.</doc>
<status status="PASS" start="2025-05-07T22:59:29.015460" elapsed="0.366679"/>
</kw>
<kw name="Wait Until Page Contains" owner="SeleniumLibrary">
<arg>Form User</arg>
<doc>Waits until ``text`` appears on the current page.</doc>
<status status="PASS" start="2025-05-07T22:59:29.382738" elapsed="0.161673"/>
</kw>
<kw name="Input Text" owner="SeleniumLibrary">
<msg time="2025-05-07T22:59:29.545360" level="INFO">Typing text 'wisarut' into text field 'id=firstname'.</msg>
<arg>${locator_firstname}</arg>
<arg>${firstname}</arg>
<doc>Types the given ``text`` into the text field identified by ``locator``.</doc>
<status status="PASS" start="2025-05-07T22:59:29.544852" elapsed="0.452885"/>
</kw>
<kw name="Input Text" owner="SeleniumLibrary">
<msg time="2025-05-07T22:59:29.998809" level="INFO">Typing text 'chuduang' into text field 'id=lastname'.</msg>
<arg>${locator_lastname}</arg>
<arg>${lastname}</arg>
<doc>Types the given ``text`` into the text field identified by ``locator``.</doc>
<status status="PASS" start="2025-05-07T22:59:29.998187" elapsed="0.501744"/>
</kw>
<kw name="Input Text" owner="SeleniumLibrary">
<msg time="2025-05-07T22:59:30.501296" level="INFO">Typing text 'wisarut@gmail.com' into text field 'id=email'.</msg>
<arg>${locator_email}</arg>
<arg>${email}</arg>
<doc>Types the given ``text`` into the text field identified by ``locator``.</doc>
<status status="PASS" start="2025-05-07T22:59:30.500715" elapsed="0.540860"/>
</kw>
<kw name="Input Text" owner="SeleniumLibrary">
<msg time="2025-05-07T22:59:31.042598" level="INFO">Typing text '' into text field 'id=password'.</msg>
<arg>${locator_password}</arg>
<arg>${password}</arg>
<doc>Types the given ``text`` into the text field identified by ``locator``.</doc>
<status status="PASS" start="2025-05-07T22:59:31.042019" elapsed="0.479459"/>
</kw>
<kw name="Input Text" owner="SeleniumLibrary">
<msg time="2025-05-07T22:59:31.522662" level="INFO">Typing text '0863658554' into text field 'id=mobile-phone'.</msg>
<arg>${locator_mobilephone}</arg>
<arg>${mobile}</arg>
<doc>Types the given ``text`` into the text field identified by ``locator``.</doc>
<status status="PASS" start="2025-05-07T22:59:31.521910" elapsed="0.504726"/>
</kw>
<if>
<branch type="IF" condition="&quot;${gender}&quot; != &quot;emp&quot;">
<kw name="Select Radio Button" owner="SeleniumLibrary">
<msg time="2025-05-07T22:59:32.028286" level="INFO">Selecting 'male' from radio button 'validation-basic-radio'.</msg>
<arg>${locator_Gender}</arg>
<arg>${gender}</arg>
<doc>Sets the radio button group ``group_name`` to ``value``.</doc>
<status status="PASS" start="2025-05-07T22:59:32.027710" elapsed="0.467632"/>
</kw>
<status status="PASS" start="2025-05-07T22:59:32.027083" elapsed="0.468435"/>
</branch>
<status status="PASS" start="2025-05-07T22:59:32.027011" elapsed="0.468598"/>
</if>
<if>
<branch type="IF" condition="${chkbox} == 1">
<kw name="Select Checkbox" owner="SeleniumLibrary">
<msg time="2025-05-07T22:59:32.496502" level="INFO">Selecting checkbox 'name=courses.SQL'.</msg>
<arg>${locator_chkSQL}</arg>
<doc>Selects the checkbox identified by ``locator``.</doc>
<status status="PASS" start="2025-05-07T22:59:32.496170" elapsed="0.700123"/>
</kw>
<status status="PASS" start="2025-05-07T22:59:32.495751" elapsed="0.700867"/>
</branch>
<branch type="ELSE IF" condition="${chkbox} == 2">
<kw name="Select Checkbox" owner="SeleniumLibrary">
<arg>${locator_chkSQL}</arg>
<doc>Selects the checkbox identified by ``locator``.</doc>
<status status="NOT RUN" start="2025-05-07T22:59:33.197089" elapsed="0.000067"/>
</kw>
<kw name="Select Checkbox" owner="SeleniumLibrary">
<arg>${locator_chkTest}</arg>
<doc>Selects the checkbox identified by ``locator``.</doc>
<status status="NOT RUN" start="2025-05-07T22:59:33.197340" elapsed="0.000052"/>
</kw>
<status status="NOT RUN" start="2025-05-07T22:59:33.196756" elapsed="0.000731"/>
</branch>
<branch type="ELSE IF" condition="${chkbox} == 3">
<kw name="Select Checkbox" owner="SeleniumLibrary">
<arg>${locator_chkSQL}</arg>
<doc>Selects the checkbox identified by ``locator``.</doc>
<status status="NOT RUN" start="2025-05-07T22:59:33.197747" elapsed="0.000043"/>
</kw>
<kw name="Select Checkbox" owner="SeleniumLibrary">
<arg>${locator_chkTest}</arg>
<doc>Selects the checkbox identified by ``locator``.</doc>
<status status="NOT RUN" start="2025-05-07T22:59:33.197934" elapsed="0.000042"/>
</kw>
<kw name="Select Checkbox" owner="SeleniumLibrary">
<arg>${locator_ChkAutomate1}</arg>
<doc>Selects the checkbox identified by ``locator``.</doc>
<status status="NOT RUN" start="2025-05-07T22:59:33.198121" elapsed="0.000046"/>
</kw>
<status status="NOT RUN" start="2025-05-07T22:59:33.197561" elapsed="0.000676"/>
</branch>
<branch type="ELSE IF" condition="${chkbox} == 4">
<kw name="Select Checkbox" owner="SeleniumLibrary">
<arg>${locator_chkSQL}</arg>
<doc>Selects the checkbox identified by ``locator``.</doc>
<status status="NOT RUN" start="2025-05-07T22:59:33.198429" elapsed="0.000041"/>
</kw>
<kw name="Select Checkbox" owner="SeleniumLibrary">
<arg>${locator_chkTest}</arg>
<doc>Selects the checkbox identified by ``locator``.</doc>
<status status="NOT RUN" start="2025-05-07T22:59:33.198606" elapsed="0.000038"/>
</kw>
<kw name="Select Checkbox" owner="SeleniumLibrary">
<arg>${locator_ChkAutomate1}</arg>
<doc>Selects the checkbox identified by ``locator``.</doc>
<status status="NOT RUN" start="2025-05-07T22:59:33.198810" elapsed="0.000038"/>
</kw>
<kw name="Select Checkbox" owner="SeleniumLibrary">
<arg>${locator_ChkAutomate2}</arg>
<doc>Selects the checkbox identified by ``locator``.</doc>
<status status="NOT RUN" start="2025-05-07T22:59:33.198976" elapsed="0.000064"/>
</kw>
<status status="NOT RUN" start="2025-05-07T22:59:33.198295" elapsed="0.000831"/>
</branch>
<status status="PASS" start="2025-05-07T22:59:32.495709" elapsed="0.703474"/>
</if>
<if>
<branch type="IF" condition="${nation} ==1">
<kw name=" Select List Nationality" owner="KeywordSearchPage">
<kw name="Click Element" owner="SeleniumLibrary">
<msg time="2025-05-07T22:59:33.200490" level="INFO">Clicking element 'id=nationality'.</msg>
<arg>${locator_nationality}</arg>
<doc>Click the element identified by ``locator``.</doc>
<status status="PASS" start="2025-05-07T22:59:33.200161" elapsed="0.545511"/>
</kw>
<kw name="Wait Until Element Is Visible" owner="SeleniumLibrary">
<arg>${locator_nationality-THAI}</arg>
<arg>5s</arg>
<doc>Waits until the element ``locator`` is visible.</doc>
<status status="PASS" start="2025-05-07T22:59:33.746156" elapsed="0.247043"/>
</kw>
<kw name="Click Element" owner="SeleniumLibrary">
<msg time="2025-05-07T22:59:33.994212" level="INFO">Clicking element 'xpath=//*[@id="menu-"]/div[3]/ul/li[221]'.</msg>
<arg>${locator_nationality-THAI}</arg>
<doc>Click the element identified by ``locator``.</doc>
<status status="PASS" start="2025-05-07T22:59:33.993719" elapsed="0.539812"/>
</kw>
<status status="PASS" start="2025-05-07T22:59:33.199767" elapsed="1.334032"/>
</kw>
<status status="PASS" start="2025-05-07T22:59:33.199303" elapsed="1.334610"/>
</branch>
<status status="PASS" start="2025-05-07T22:59:33.199272" elapsed="1.334732"/>
</if>
<if>
<branch type="IF" condition="${role} ==1">
<kw name="Select List courses" owner="KeywordSearchPage">
<kw name="Click Element" owner="SeleniumLibrary">
<msg time="2025-05-07T22:59:34.535479" level="INFO">Clicking element 'id=select-role'.</msg>
<arg>${locator_select-role}</arg>
<doc>Click the element identified by ``locator``.</doc>
<status status="PASS" start="2025-05-07T22:59:34.535144" elapsed="0.447785"/>
</kw>
<kw name="Wait Until Element Is Visible" owner="SeleniumLibrary">
<arg>${locator_select-role-list}</arg>
<arg>5s</arg>
<doc>Waits until the element ``locator`` is visible.</doc>
<status status="PASS" start="2025-05-07T22:59:34.983344" elapsed="0.292602"/>
</kw>
<kw name="Click Element" owner="SeleniumLibrary">
<msg time="2025-05-07T22:59:35.276741" level="INFO">Clicking element 'xpath=//*[@id="menu-"]/div[3]/ul/li[5]'.</msg>
<arg>${locator_select-role-list}</arg>
<doc>Click the element identified by ``locator``.</doc>
<status status="PASS" start="2025-05-07T22:59:35.276313" elapsed="0.331145"/>
</kw>
<status status="PASS" start="2025-05-07T22:59:34.534710" elapsed="1.072967"/>
</kw>
<status status="PASS" start="2025-05-07T22:59:34.534168" elapsed="1.073583"/>
</branch>
<status status="PASS" start="2025-05-07T22:59:34.534118" elapsed="1.073732"/>
</if>
<if>
<branch type="IF" condition="${plan} ==1">
<kw name="Select List Plan" owner="KeywordSearchPage">
<kw name="Click Element" owner="SeleniumLibrary">
<msg time="2025-05-07T22:59:35.609265" level="INFO">Clicking element 'id=select-plan'.</msg>
<arg>${locator_selectplan}</arg>
<doc>Click the element identified by ``locator``.</doc>
<status status="PASS" start="2025-05-07T22:59:35.608958" elapsed="0.336620"/>
</kw>
<kw name="Wait Until Element Is Visible" owner="SeleniumLibrary">
<arg>${locator_Selectplan2}</arg>
<arg>5s</arg>
<doc>Waits until the element ``locator`` is visible.</doc>
<status status="PASS" start="2025-05-07T22:59:35.945962" elapsed="0.233947"/>
</kw>
<kw name="Click Element" owner="SeleniumLibrary">
<msg time="2025-05-07T22:59:36.180817" level="INFO">Clicking element 'xpath=//*[@id="menu-"]/div[3]/ul/li[1]'.</msg>
<arg>${locator_Selectplan2}</arg>
<doc>Click the element identified by ``locator``.</doc>
<status status="PASS" start="2025-05-07T22:59:36.180415" elapsed="0.301639"/>
</kw>
<status status="PASS" start="2025-05-07T22:59:35.608526" elapsed="0.873791"/>
</kw>
<status status="PASS" start="2025-05-07T22:59:35.608004" elapsed="0.874407"/>
</branch>
<status status="PASS" start="2025-05-07T22:59:35.607943" elapsed="0.874552"/>
</if>
<kw name="Click Element" owner="SeleniumLibrary">
<msg time="2025-05-07T22:59:36.483118" level="INFO">Clicking element 'xpath=//*[@id="__next"]/div[1]/div[2]/main/div/div[3]/div/div/div/form/button'.</msg>
<arg>${locator_btnsignupforadduser}</arg>
<doc>Click the element identified by ``locator``.</doc>
<status status="PASS" start="2025-05-07T22:59:36.482726" elapsed="0.373238"/>
</kw>
<kw name="Verify error msg" owner="KeywordSearchPage">
<kw name="Get Text" owner="SeleniumLibrary">
<msg time="2025-05-07T22:59:37.101664" level="INFO">${txt} = This field is required</msg>
<var>${txt}</var>
<arg>${locator}</arg>
<doc>Returns the text value of the element identified by ``locator``.</doc>
<status status="PASS" start="2025-05-07T22:59:36.857537" elapsed="0.244219"/>
</kw>
<kw name="Should Be Equal As Strings" owner="BuiltIn">
<arg>${txt}</arg>
<arg>${mgs}</arg>
<doc>Fails if objects are unequal after converting them to strings.</doc>
<status status="PASS" start="2025-05-07T22:59:37.102078" elapsed="0.000393"/>
</kw>
<arg>${locator1}</arg>
<arg>${msg1}</arg>
<status status="PASS" start="2025-05-07T22:59:36.856808" elapsed="0.245893"/>
</kw>
<kw name="Close Browser" owner="SeleniumLibrary">
<doc>Closes the current browser.</doc>
<status status="PASS" start="2025-05-07T22:59:37.102908" elapsed="2.313774"/>
</kw>
<arg>wisarut</arg>
<arg>chuduang</arg>
<arg>wisarut@gmail.com</arg>
<arg>${EMPTY}</arg>
<arg>0863658554</arg>
<arg>male</arg>
<arg>1</arg>
<arg>1</arg>
<arg>1</arg>
<arg>1</arg>
<arg>${locator_err-password}</arg>
<arg>This field is required</arg>
<status status="PASS" start="2025-05-07T22:59:21.301275" elapsed="18.115731"/>
</kw>
<kw name="Input data add user Fail - test template" owner="KeywordSearchPage">
<kw name="Open webbrower" owner="KeywordSearchPage">
<kw name="Set Selenium Speed" owner="SeleniumLibrary">
<arg>0.1s</arg>
<doc>Sets the delay that is waited after each Selenium command.</doc>
<status status="PASS" start="2025-05-07T22:59:39.420334" elapsed="0.000374"/>
</kw>
<kw name="Open Browser" owner="SeleniumLibrary">
<msg time="2025-05-07T22:59:39.421588" level="INFO">Opening browser 'Chrome' to base url 'https://automate-test.stpb-digital.com/login/'.</msg>
<arg>${url}</arg>
<arg>${browser}</arg>
<doc>Opens a new browser instance to the optional ``url``.</doc>
<status status="PASS" start="2025-05-07T22:59:39.421104" elapsed="4.645150"/>
</kw>
<kw name="Wait Until Page Contains" owner="SeleniumLibrary">
<arg>Kru P' Beam</arg>
<arg>1s</arg>
<doc>Waits until ``text`` appears on the current page.</doc>
<status status="PASS" start="2025-05-07T22:59:44.066668" elapsed="0.174185"/>
</kw>
<kw name="Maximize Browser Window" owner="SeleniumLibrary">
<doc>Maximizes current browser window.</doc>
<status status="PASS" start="2025-05-07T22:59:44.241854" elapsed="0.162971"/>
</kw>
<status status="PASS" start="2025-05-07T22:59:39.419947" elapsed="4.985186"/>
</kw>
<kw name="Input data for login to search Page" owner="KeywordSearchPage">
<kw name="Input Text" owner="SeleniumLibrary">
<msg time="2025-05-07T22:59:44.406712" level="INFO">Typing text 'user.test@krupbeam.com' into text field 'id=email'.</msg>
<arg>${locator_emaillogin}</arg>
<arg>user.test@krupbeam.com</arg>
<doc>Types the given ``text`` into the text field identified by ``locator``.</doc>
<status status="PASS" start="2025-05-07T22:59:44.406304" elapsed="0.549257"/>
</kw>
<kw name="Input Text" owner="SeleniumLibrary">
<msg time="2025-05-07T22:59:44.956590" level="INFO">Typing text 'jKNsrapwLNV7eBN' into text field 'name=password'.</msg>
<arg>${locator_passwordlogin}</arg>
<arg>jKNsrapwLNV7eBN</arg>
<doc>Types the given ``text`` into the text field identified by ``locator``.</doc>
<status status="PASS" start="2025-05-07T22:59:44.956046" elapsed="0.521643"/>
</kw>
<kw name="Click Element" owner="SeleniumLibrary">
<msg time="2025-05-07T22:59:45.478724" level="INFO">Clicking element 'id=btn-login'.</msg>
<arg>${locator_btnlogin}</arg>
<doc>Click the element identified by ``locator``.</doc>
<status status="PASS" start="2025-05-07T22:59:45.478215" elapsed="0.402328"/>
</kw>
<kw name="Wait Until Page Contains" owner="SeleniumLibrary">
<arg>Search Filters</arg>
<arg>5s</arg>
<doc>Waits until ``text`` appears on the current page.</doc>
<status status="PASS" start="2025-05-07T22:59:45.881139" elapsed="0.710009"/>
</kw>
<status status="PASS" start="2025-05-07T22:59:44.405668" elapsed="2.185744"/>
</kw>
<kw name="Click Element" owner="SeleniumLibrary">
<msg time="2025-05-07T22:59:46.592100" level="INFO">Clicking element 'xpath=//*[@id="__next"]/div[1]/div[2]/main/div/div[2]/div/div[1]/div/a'.</msg>
<arg>${locator_btnAdduser}</arg>
<doc>Click the element identified by ``locator``.</doc>
<status status="PASS" start="2025-05-07T22:59:46.591645" elapsed="0.382278"/>
</kw>
<kw name="Wait Until Page Contains" owner="SeleniumLibrary">
<arg>Form User</arg>
<doc>Waits until ``text`` appears on the current page.</doc>
<status status="PASS" start="2025-05-07T22:59:46.974276" elapsed="0.125347"/>
</kw>
<kw name="Input Text" owner="SeleniumLibrary">
<msg time="2025-05-07T22:59:47.100572" level="INFO">Typing text 'wisarut' into text field 'id=firstname'.</msg>
<arg>${locator_firstname}</arg>
<arg>${firstname}</arg>
<doc>Types the given ``text`` into the text field identified by ``locator``.</doc>
<status status="PASS" start="2025-05-07T22:59:47.100050" elapsed="0.451997"/>
</kw>
<kw name="Input Text" owner="SeleniumLibrary">
<msg time="2025-05-07T22:59:47.553115" level="INFO">Typing text 'chuduang' into text field 'id=lastname'.</msg>
<arg>${locator_lastname}</arg>
<arg>${lastname}</arg>
<doc>Types the given ``text`` into the text field identified by ``locator``.</doc>
<status status="PASS" start="2025-05-07T22:59:47.552580" elapsed="0.491404"/>
</kw>
<kw name="Input Text" owner="SeleniumLibrary">
<msg time="2025-05-07T22:59:48.045021" level="INFO">Typing text 'wisarut@gmail.com' into text field 'id=email'.</msg>
<arg>${locator_email}</arg>
<arg>${email}</arg>
<doc>Types the given ``text`` into the text field identified by ``locator``.</doc>
<status status="PASS" start="2025-05-07T22:59:48.044464" elapsed="0.539453"/>
</kw>
<kw name="Input Text" owner="SeleniumLibrary">
<msg time="2025-05-07T22:59:48.584974" level="INFO">Typing text '123456' into text field 'id=password'.</msg>
<arg>${locator_password}</arg>
<arg>${password}</arg>
<doc>Types the given ``text`` into the text field identified by ``locator``.</doc>
<status status="PASS" start="2025-05-07T22:59:48.584372" elapsed="0.492318"/>
</kw>
<kw name="Input Text" owner="SeleniumLibrary">
<msg time="2025-05-07T22:59:49.077691" level="INFO">Typing text '' into text field 'id=mobile-phone'.</msg>
<arg>${locator_mobilephone}</arg>
<arg>${mobile}</arg>
<doc>Types the given ``text`` into the text field identified by ``locator``.</doc>
<status status="PASS" start="2025-05-07T22:59:49.077153" elapsed="0.447143"/>
</kw>
<if>
<branch type="IF" condition="&quot;${gender}&quot; != &quot;emp&quot;">
<kw name="Select Radio Button" owner="SeleniumLibrary">
<msg time="2025-05-07T22:59:49.525435" level="INFO">Selecting 'male' from radio button 'validation-basic-radio'.</msg>
<arg>${locator_Gender}</arg>
<arg>${gender}</arg>
<doc>Sets the radio button group ``group_name`` to ``value``.</doc>
<status status="PASS" start="2025-05-07T22:59:49.525113" elapsed="0.451213"/>
</kw>
<status status="PASS" start="2025-05-07T22:59:49.524594" elapsed="0.451967"/>
</branch>
<status status="PASS" start="2025-05-07T22:59:49.524538" elapsed="0.452277"/>
</if>
<if>
<branch type="IF" condition="${chkbox} == 1">
<kw name="Select Checkbox" owner="SeleniumLibrary">
<msg time="2025-05-07T22:59:49.978270" level="INFO">Selecting checkbox 'name=courses.SQL'.</msg>
<arg>${locator_chkSQL}</arg>
<doc>Selects the checkbox identified by ``locator``.</doc>
<status status="PASS" start="2025-05-07T22:59:49.977660" elapsed="0.681335"/>
</kw>
<status status="PASS" start="2025-05-07T22:59:49.977025" elapsed="0.682245"/>
</branch>
<branch type="ELSE IF" condition="${chkbox} == 2">
<kw name="Select Checkbox" owner="SeleniumLibrary">
<arg>${locator_chkSQL}</arg>
<doc>Selects the checkbox identified by ``locator``.</doc>
<status status="NOT RUN" start="2025-05-07T22:59:50.659761" elapsed="0.000077"/>
</kw>
<kw name="Select Checkbox" owner="SeleniumLibrary">
<arg>${locator_chkTest}</arg>
<doc>Selects the checkbox identified by ``locator``.</doc>
<status status="NOT RUN" start="2025-05-07T22:59:50.660031" elapsed="0.000062"/>
</kw>
<status status="NOT RUN" start="2025-05-07T22:59:50.659396" elapsed="0.000774"/>
</branch>
<branch type="ELSE IF" condition="${chkbox} == 3">
<kw name="Select Checkbox" owner="SeleniumLibrary">
<arg>${locator_chkSQL}</arg>
<doc>Selects the checkbox identified by ``locator``.</doc>
<status status="NOT RUN" start="2025-05-07T22:59:50.660393" elapsed="0.000065"/>
</kw>
<kw name="Select Checkbox" owner="SeleniumLibrary">
<arg>${locator_chkTest}</arg>
<doc>Selects the checkbox identified by ``locator``.</doc>
<status status="NOT RUN" start="2025-05-07T22:59:50.660623" elapsed="0.000042"/>
</kw>
<kw name="Select Checkbox" owner="SeleniumLibrary">
<arg>${locator_ChkAutomate1}</arg>
<doc>Selects the checkbox identified by ``locator``.</doc>
<status status="NOT RUN" start="2025-05-07T22:59:50.660803" elapsed="0.000040"/>
</kw>
<status status="NOT RUN" start="2025-05-07T22:59:50.660244" elapsed="0.000664"/>
</branch>
<branch type="ELSE IF" condition="${chkbox} == 4">
<kw name="Select Checkbox" owner="SeleniumLibrary">
<arg>${locator_chkSQL}</arg>
<doc>Selects the checkbox identified by ``locator``.</doc>
<status status="NOT RUN" start="2025-05-07T22:59:50.661096" elapsed="0.000041"/>
</kw>
<kw name="Select Checkbox" owner="SeleniumLibrary">
<arg>${locator_chkTest}</arg>
<doc>Selects the checkbox identified by ``locator``.</doc>
<status status="NOT RUN" start="2025-05-07T22:59:50.661274" elapsed="0.000041"/>
</kw>
<kw name="Select Checkbox" owner="SeleniumLibrary">
<arg>${locator_ChkAutomate1}</arg>
<doc>Selects the checkbox identified by ``locator``.</doc>
<status status="NOT RUN" start="2025-05-07T22:59:50.661454" elapsed="0.000049"/>
</kw>
<kw name="Select Checkbox" owner="SeleniumLibrary">
<arg>${locator_ChkAutomate2}</arg>
<doc>Selects the checkbox identified by ``locator``.</doc>
<status status="NOT RUN" start="2025-05-07T22:59:50.661653" elapsed="0.000051"/>
</kw>
<status status="NOT RUN" start="2025-05-07T22:59:50.660966" elapsed="0.000803"/>
</branch>
<status status="PASS" start="2025-05-07T22:59:49.976967" elapsed="0.684859"/>
</if>
<if>
<branch type="IF" condition="${nation} ==1">
<kw name=" Select List Nationality" owner="KeywordSearchPage">
<kw name="Click Element" owner="SeleniumLibrary">
<msg time="2025-05-07T22:59:50.663140" level="INFO">Clicking element 'id=nationality'.</msg>
<arg>${locator_nationality}</arg>
<doc>Click the element identified by ``locator``.</doc>
<status status="PASS" start="2025-05-07T22:59:50.662801" elapsed="0.539186"/>
</kw>
<kw name="Wait Until Element Is Visible" owner="SeleniumLibrary">
<arg>${locator_nationality-THAI}</arg>
<arg>5s</arg>
<doc>Waits until the element ``locator`` is visible.</doc>
<status status="PASS" start="2025-05-07T22:59:51.202724" elapsed="0.253737"/>
</kw>
<kw name="Click Element" owner="SeleniumLibrary">
<msg time="2025-05-07T22:59:51.457490" level="INFO">Clicking element 'xpath=//*[@id="menu-"]/div[3]/ul/li[221]'.</msg>
<arg>${locator_nationality-THAI}</arg>
<doc>Click the element identified by ``locator``.</doc>
<status status="PASS" start="2025-05-07T22:59:51.456964" elapsed="0.470519"/>
</kw>
<status status="PASS" start="2025-05-07T22:59:50.662409" elapsed="1.265492"/>
</kw>
<status status="PASS" start="2025-05-07T22:59:50.661950" elapsed="1.266128"/>
</branch>
<status status="PASS" start="2025-05-07T22:59:50.661918" elapsed="1.266276"/>
</if>
<if>
<branch type="IF" condition="${role} ==1">
<kw name="Select List courses" owner="KeywordSearchPage">
<kw name="Click Element" owner="SeleniumLibrary">
<msg time="2025-05-07T22:59:51.929870" level="INFO">Clicking element 'id=select-role'.</msg>
<arg>${locator_select-role}</arg>
<doc>Click the element identified by ``locator``.</doc>
<status status="PASS" start="2025-05-07T22:59:51.929426" elapsed="0.424751"/>
</kw>
<kw name="Wait Until Element Is Visible" owner="SeleniumLibrary">
<arg>${locator_select-role-list}</arg>
<arg>5s</arg>
<doc>Waits until the element ``locator`` is visible.</doc>
<status status="PASS" start="2025-05-07T22:59:52.354592" elapsed="0.244550"/>
</kw>
<kw name="Click Element" owner="SeleniumLibrary">
<msg time="2025-05-07T22:59:52.600283" level="INFO">Clicking element 'xpath=//*[@id="menu-"]/div[3]/ul/li[5]'.</msg>
<arg>${locator_select-role-list}</arg>
<doc>Click the element identified by ``locator``.</doc>
<status status="PASS" start="2025-05-07T22:59:52.599767" elapsed="0.326329"/>
</kw>
<status status="PASS" start="2025-05-07T22:59:51.928978" elapsed="0.997450"/>
</kw>
<status status="PASS" start="2025-05-07T22:59:51.928405" elapsed="0.998122"/>
</branch>
<status status="PASS" start="2025-05-07T22:59:51.928340" elapsed="0.998284"/>
</if>
<if>
<branch type="IF" condition="${plan} ==1">
<kw name="Select List Plan" owner="KeywordSearchPage">
<kw name="Click Element" owner="SeleniumLibrary">
<msg time="2025-05-07T22:59:52.928148" level="INFO">Clicking element 'id=select-plan'.</msg>
<arg>${locator_selectplan}</arg>
<doc>Click the element identified by ``locator``.</doc>
<status status="PASS" start="2025-05-07T22:59:52.927777" elapsed="0.343738"/>
</kw>
<kw name="Wait Until Element Is Visible" owner="SeleniumLibrary">
<arg>${locator_Selectplan2}</arg>
<arg>5s</arg>
<doc>Waits until the element ``locator`` is visible.</doc>
<status status="PASS" start="2025-05-07T22:59:53.271943" elapsed="0.239783"/>
</kw>
<kw name="Click Element" owner="SeleniumLibrary">
<msg time="2025-05-07T22:59:53.512897" level="INFO">Clicking element 'xpath=//*[@id="menu-"]/div[3]/ul/li[1]'.</msg>
<arg>${locator_Selectplan2}</arg>
<doc>Click the element identified by ``locator``.</doc>
<status status="PASS" start="2025-05-07T22:59:53.512280" elapsed="0.333349"/>
</kw>
<status status="PASS" start="2025-05-07T22:59:52.927328" elapsed="0.918579"/>
</kw>
<status status="PASS" start="2025-05-07T22:59:52.926789" elapsed="0.919249"/>
</branch>
<status status="PASS" start="2025-05-07T22:59:52.926739" elapsed="0.919434"/>
</if>
<kw name="Click Element" owner="SeleniumLibrary">
<msg time="2025-05-07T22:59:53.847019" level="INFO">Clicking element 'xpath=//*[@id="__next"]/div[1]/div[2]/main/div/div[3]/div/div/div/form/button'.</msg>
<arg>${locator_btnsignupforadduser}</arg>
<doc>Click the element identified by ``locator``.</doc>
<status status="PASS" start="2025-05-07T22:59:53.846472" elapsed="0.376770"/>
</kw>
<kw name="Verify error msg" owner="KeywordSearchPage">
<kw name="Get Text" owner="SeleniumLibrary">
<msg time="2025-05-07T22:59:54.547613" level="INFO">${txt} = This field is required</msg>
<var>${txt}</var>
<arg>${locator}</arg>
<doc>Returns the text value of the element identified by ``locator``.</doc>
<status status="PASS" start="2025-05-07T22:59:54.225140" elapsed="0.322563"/>
</kw>
<kw name="Should Be Equal As Strings" owner="BuiltIn">
<arg>${txt}</arg>
<arg>${mgs}</arg>
<doc>Fails if objects are unequal after converting them to strings.</doc>
<status status="PASS" start="2025-05-07T22:59:54.547986" elapsed="0.000608"/>
</kw>
<arg>${locator1}</arg>
<arg>${msg1}</arg>
<status status="PASS" start="2025-05-07T22:59:54.224323" elapsed="0.324509"/>
</kw>
<kw name="Close Browser" owner="SeleniumLibrary">
<doc>Closes the current browser.</doc>
<status status="PASS" start="2025-05-07T22:59:54.549272" elapsed="2.791271"/>
</kw>
<arg>wisarut</arg>
<arg>chuduang</arg>
<arg>wisarut@gmail.com</arg>
<arg>123456</arg>
<arg>${EMPTY}</arg>
<arg>male</arg>
<arg>1</arg>
<arg>1</arg>
<arg>1</arg>
<arg>1</arg>
<arg>${locator_err-mobilephone}</arg>
<arg>This field is required</arg>
<status status="PASS" start="2025-05-07T22:59:39.418156" elapsed="17.922639"/>
</kw>
<kw name="Input data add user Fail - test template" owner="KeywordSearchPage">
<kw name="Open webbrower" owner="KeywordSearchPage">
<kw name="Set Selenium Speed" owner="SeleniumLibrary">
<arg>0.1s</arg>
<doc>Sets the delay that is waited after each Selenium command.</doc>
<status status="PASS" start="2025-05-07T22:59:57.343251" elapsed="0.000318"/>
</kw>
<kw name="Open Browser" owner="SeleniumLibrary">
<msg time="2025-05-07T22:59:57.344085" level="INFO">Opening browser 'Chrome' to base url 'https://automate-test.stpb-digital.com/login/'.</msg>
<arg>${url}</arg>
<arg>${browser}</arg>
<doc>Opens a new browser instance to the optional ``url``.</doc>
<status status="PASS" start="2025-05-07T22:59:57.343785" elapsed="5.703766"/>
</kw>
<kw name="Wait Until Page Contains" owner="SeleniumLibrary">
<arg>Kru P' Beam</arg>
<arg>1s</arg>
<doc>Waits until ``text`` appears on the current page.</doc>
<status status="PASS" start="2025-05-07T23:00:03.048006" elapsed="0.121494"/>
</kw>
<kw name="Maximize Browser Window" owner="SeleniumLibrary">
<doc>Maximizes current browser window.</doc>
<status status="PASS" start="2025-05-07T23:00:03.169963" elapsed="0.168977"/>
</kw>
<status status="PASS" start="2025-05-07T22:59:57.342899" elapsed="5.996438"/>
</kw>
<kw name="Input data for login to search Page" owner="KeywordSearchPage">
<kw name="Input Text" owner="SeleniumLibrary">
<msg time="2025-05-07T23:00:03.341148" level="INFO">Typing text 'user.test@krupbeam.com' into text field 'id=email'.</msg>
<arg>${locator_emaillogin}</arg>
<arg>user.test@krupbeam.com</arg>
<doc>Types the given ``text`` into the text field identified by ``locator``.</doc>
<status status="PASS" start="2025-05-07T23:00:03.340411" elapsed="0.526088"/>
</kw>
<kw name="Input Text" owner="SeleniumLibrary">
<msg time="2025-05-07T23:00:03.867447" level="INFO">Typing text 'jKNsrapwLNV7eBN' into text field 'name=password'.</msg>
<arg>${locator_passwordlogin}</arg>
<arg>jKNsrapwLNV7eBN</arg>
<doc>Types the given ``text`` into the text field identified by ``locator``.</doc>
<status status="PASS" start="2025-05-07T23:00:03.866962" elapsed="0.535712"/>
</kw>
<kw name="Click Element" owner="SeleniumLibrary">
<msg time="2025-05-07T23:00:04.403735" level="INFO">Clicking element 'id=btn-login'.</msg>
<arg>${locator_btnlogin}</arg>
<doc>Click the element identified by ``locator``.</doc>
<status status="PASS" start="2025-05-07T23:00:04.403225" elapsed="0.381496"/>
</kw>
<kw name="Wait Until Page Contains" owner="SeleniumLibrary">
<arg>Search Filters</arg>
<arg>5s</arg>
<doc>Waits until ``text`` appears on the current page.</doc>
<status status="PASS" start="2025-05-07T23:00:04.785133" elapsed="0.708672"/>
</kw>
<status status="PASS" start="2025-05-07T23:00:03.339834" elapsed="2.154329"/>
</kw>
<kw name="Click Element" owner="SeleniumLibrary">
<msg time="2025-05-07T23:00:05.495792" level="INFO">Clicking element 'xpath=//*[@id="__next"]/div[1]/div[2]/main/div/div[2]/div/div[1]/div/a'.</msg>
<arg>${locator_btnAdduser}</arg>
<doc>Click the element identified by ``locator``.</doc>
<status status="PASS" start="2025-05-07T23:00:05.494566" elapsed="0.382895"/>
</kw>
<kw name="Wait Until Page Contains" owner="SeleniumLibrary">
<arg>Form User</arg>
<doc>Waits until ``text`` appears on the current page.</doc>
<status status="PASS" start="2025-05-07T23:00:05.877896" elapsed="0.149142"/>
</kw>
<kw name="Input Text" owner="SeleniumLibrary">
<msg time="2025-05-07T23:00:06.028203" level="INFO">Typing text 'wisarut' into text field 'id=firstname'.</msg>
<arg>${locator_firstname}</arg>
<arg>${firstname}</arg>
<doc>Types the given ``text`` into the text field identified by ``locator``.</doc>
<status status="PASS" start="2025-05-07T23:00:06.027508" elapsed="0.454750"/>
</kw>
<kw name="Input Text" owner="SeleniumLibrary">
<msg time="2025-05-07T23:00:06.483338" level="INFO">Typing text 'chuduang' into text field 'id=lastname'.</msg>
<arg>${locator_lastname}</arg>
<arg>${lastname}</arg>
<doc>Types the given ``text`` into the text field identified by ``locator``.</doc>
<status status="PASS" start="2025-05-07T23:00:06.482826" elapsed="0.473876"/>
</kw>
<kw name="Input Text" owner="SeleniumLibrary">
<msg time="2025-05-07T23:00:06.957919" level="INFO">Typing text 'wisarut@gmail.com' into text field 'id=email'.</msg>
<arg>${locator_email}</arg>
<arg>${email}</arg>
<doc>Types the given ``text`` into the text field identified by ``locator``.</doc>
<status status="PASS" start="2025-05-07T23:00:06.957267" elapsed="0.548121"/>
</kw>
<kw name="Input Text" owner="SeleniumLibrary">
<msg time="2025-05-07T23:00:07.506368" level="INFO">Typing text '123456' into text field 'id=password'.</msg>
<arg>${locator_password}</arg>
<arg>${password}</arg>
<doc>Types the given ``text`` into the text field identified by ``locator``.</doc>
<status status="PASS" start="2025-05-07T23:00:07.505831" elapsed="0.468411"/>
</kw>
<kw name="Input Text" owner="SeleniumLibrary">
<msg time="2025-05-07T23:00:07.975350" level="INFO">Typing text '0863658554' into text field 'id=mobile-phone'.</msg>
<arg>${locator_mobilephone}</arg>
<arg>${mobile}</arg>
<doc>Types the given ``text`` into the text field identified by ``locator``.</doc>
<status status="PASS" start="2025-05-07T23:00:07.974709" elapsed="0.476540"/>
</kw>
<if>
<branch type="IF" condition="&quot;${gender}&quot; != &quot;emp&quot;">
<kw name="Select Radio Button" owner="SeleniumLibrary">
<arg>${locator_Gender}</arg>
<arg>${gender}</arg>
<doc>Sets the radio button group ``group_name`` to ``value``.</doc>
<status status="NOT RUN" start="2025-05-07T23:00:08.452080" elapsed="0.000059"/>
</kw>
<status status="NOT RUN" start="2025-05-07T23:00:08.451567" elapsed="0.000697"/>
</branch>
<status status="PASS" start="2025-05-07T23:00:08.451491" elapsed="0.000853"/>
</if>
<if>
<branch type="IF" condition="${chkbox} == 1">
<kw name="Select Checkbox" owner="SeleniumLibrary">
<msg time="2025-05-07T23:00:08.453126" level="INFO">Selecting checkbox 'name=courses.SQL'.</msg>
<arg>${locator_chkSQL}</arg>
<doc>Selects the checkbox identified by ``locator``.</doc>
<status status="PASS" start="2025-05-07T23:00:08.452727" elapsed="0.693122"/>
</kw>
<status status="PASS" start="2025-05-07T23:00:08.452445" elapsed="0.693632"/>
</branch>
<branch type="ELSE IF" condition="${chkbox} == 2">
<kw name="Select Checkbox" owner="SeleniumLibrary">
<arg>${locator_chkSQL}</arg>
<doc>Selects the checkbox identified by ``locator``.</doc>
<status status="NOT RUN" start="2025-05-07T23:00:09.146571" elapsed="0.000085"/>
</kw>
<kw name="Select Checkbox" owner="SeleniumLibrary">
<arg>${locator_chkTest}</arg>
<doc>Selects the checkbox identified by ``locator``.</doc>
<status status="NOT RUN" start="2025-05-07T23:00:09.146901" elapsed="0.000105"/>
</kw>
<status status="NOT RUN" start="2025-05-07T23:00:09.146210" elapsed="0.000917"/>
</branch>
<branch type="ELSE IF" condition="${chkbox} == 3">
[...]
<kw name="Select Checkbox" owner="SeleniumLibrary">
<arg>${locator_chkSQL}</arg>
<doc>Selects the checkbox identified by ``locator``.</doc>
<status status="NOT RUN" start="2025-05-07T23:01:03.048487" elapsed="0.000040"/>
</kw>
<kw name="Select Checkbox" owner="SeleniumLibrary">
<arg>${locator_chkTest}</arg>
<doc>Selects the checkbox identified by ``locator``.</doc>
<status status="NOT RUN" start="2025-05-07T23:01:03.048658" elapsed="0.000038"/>
</kw>
<kw name="Select Checkbox" owner="SeleniumLibrary">
<arg>${locator_ChkAutomate1}</arg>
<doc>Selects the checkbox identified by ``locator``.</doc>
<status status="NOT RUN" start="2025-05-07T23:01:03.048822" elapsed="0.000069"/>
</kw>
<kw name="Select Checkbox" owner="SeleniumLibrary">
<arg>${locator_ChkAutomate2}</arg>
<doc>Selects the checkbox identified by ``locator``.</doc>
<status status="NOT RUN" start="2025-05-07T23:01:03.049021" elapsed="0.000039"/>
</kw>
<status status="NOT RUN" start="2025-05-07T23:01:03.048360" elapsed="0.000772"/>
</branch>
<status status="PASS" start="2025-05-07T23:01:02.333178" elapsed="0.716048"/>
</if>
<if>
<branch type="IF" condition="${nation} ==1">
<kw name=" Select List Nationality" owner="KeywordSearchPage">
<kw name="Click Element" owner="SeleniumLibrary">
<msg time="2025-05-07T23:01:03.050808" level="INFO">Clicking element 'id=nationality'.</msg>
<arg>${locator_nationality}</arg>
<doc>Click the element identified by ``locator``.</doc>
<status status="PASS" start="2025-05-07T23:01:03.050353" elapsed="0.540721"/>
</kw>
<kw name="Wait Until Element Is Visible" owner="SeleniumLibrary">
<arg>${locator_nationality-THAI}</arg>
<arg>5s</arg>
<doc>Waits until the element ``locator`` is visible.</doc>
<status status="PASS" start="2025-05-07T23:01:03.591551" elapsed="0.249891"/>
</kw>
<kw name="Click Element" owner="SeleniumLibrary">
<msg time="2025-05-07T23:01:03.842505" level="INFO">Clicking element 'xpath=//*[@id="menu-"]/div[3]/ul/li[221]'.</msg>
<arg>${locator_nationality-THAI}</arg>
<doc>Click the element identified by ``locator``.</doc>
<status status="PASS" start="2025-05-07T23:01:03.842048" elapsed="0.491316"/>
</kw>
<status status="PASS" start="2025-05-07T23:01:03.049831" elapsed="1.283823"/>
</kw>
<status status="PASS" start="2025-05-07T23:01:03.049351" elapsed="1.284378"/>
</branch>
<status status="PASS" start="2025-05-07T23:01:03.049321" elapsed="1.284495"/>
</if>
<if>
<branch type="IF" condition="${role} ==1">
<kw name="Select List courses" owner="KeywordSearchPage">
<status status="NOT RUN" start="2025-05-07T23:01:04.334636" elapsed="0.000079"/>
</kw>
<status status="NOT RUN" start="2025-05-07T23:01:04.333978" elapsed="0.000827"/>
</branch>
<status status="PASS" start="2025-05-07T23:01:04.333930" elapsed="0.000942"/>
</if>
<if>
<branch type="IF" condition="${plan} ==1">
<kw name="Select List Plan" owner="KeywordSearchPage">
<kw name="Click Element" owner="SeleniumLibrary">
<msg time="2025-05-07T23:01:04.336258" level="INFO">Clicking element 'id=select-plan'.</msg>
<arg>${locator_selectplan}</arg>
<doc>Click the element identified by ``locator``.</doc>
<status status="PASS" start="2025-05-07T23:01:04.335838" elapsed="0.436774"/>
</kw>
<kw name="Wait Until Element Is Visible" owner="SeleniumLibrary">
<arg>${locator_Selectplan2}</arg>
<arg>5s</arg>
<doc>Waits until the element ``locator`` is visible.</doc>
<status status="PASS" start="2025-05-07T23:01:04.772988" elapsed="0.245249"/>
</kw>
<kw name="Click Element" owner="SeleniumLibrary">
<msg time="2025-05-07T23:01:05.019119" level="INFO">Clicking element 'xpath=//*[@id="menu-"]/div[3]/ul/li[1]'.</msg>
<arg>${locator_Selectplan2}</arg>
<doc>Click the element identified by ``locator``.</doc>
<status status="PASS" start="2025-05-07T23:01:05.018672" elapsed="0.328105"/>
</kw>
<status status="PASS" start="2025-05-07T23:01:04.335401" elapsed="1.011631"/>
</kw>
<status status="PASS" start="2025-05-07T23:01:04.334968" elapsed="1.012165"/>
</branch>
<status status="PASS" start="2025-05-07T23:01:04.334941" elapsed="1.012283"/>
</if>
<kw name="Click Element" owner="SeleniumLibrary">
<msg time="2025-05-07T23:01:05.347944" level="INFO">Clicking element 'xpath=//*[@id="__next"]/div[1]/div[2]/main/div/div[3]/div/div/div/form/button'.</msg>
<arg>${locator_btnsignupforadduser}</arg>
<doc>Click the element identified by ``locator``.</doc>
<status status="PASS" start="2025-05-07T23:01:05.347469" elapsed="0.344595"/>
</kw>
<kw name="Verify error msg" owner="KeywordSearchPage">
<kw name="Get Text" owner="SeleniumLibrary">
<msg time="2025-05-07T23:01:05.936547" level="INFO">${txt} = This field is required</msg>
<var>${txt}</var>
<arg>${locator}</arg>
<doc>Returns the text value of the element identified by ``locator``.</doc>
<status status="PASS" start="2025-05-07T23:01:05.693262" elapsed="0.243386"/>
</kw>
<kw name="Should Be Equal As Strings" owner="BuiltIn">
<arg>${txt}</arg>
<arg>${mgs}</arg>
<doc>Fails if objects are unequal after converting them to strings.</doc>
<status status="PASS" start="2025-05-07T23:01:05.936987" elapsed="0.000415"/>
</kw>
<arg>${locator1}</arg>
<arg>${msg1}</arg>
<status status="PASS" start="2025-05-07T23:01:05.692555" elapsed="0.245000"/>
</kw>
<kw name="Close Browser" owner="SeleniumLibrary">
<doc>Closes the current browser.</doc>
<status status="PASS" start="2025-05-07T23:01:05.937772" elapsed="2.520359"/>
</kw>
<arg>wisarut</arg>
<arg>chuduang</arg>
<arg>wisarut@gmail.com</arg>
<arg>123456</arg>
<arg>0863658554</arg>
<arg>male</arg>
<arg>1</arg>
<arg>1</arg>
<arg>0</arg>
<arg>1</arg>
<arg>${locator_err-select-role}</arg>
<arg>This field is required</arg>
<status status="PASS" start="2025-05-07T23:00:50.800291" elapsed="17.658207"/>
</kw>
<kw name="Input data add user Fail - test template" owner="KeywordSearchPage">
<kw name="Open webbrower" owner="KeywordSearchPage">
<kw name="Set Selenium Speed" owner="SeleniumLibrary">
<arg>0.1s</arg>
<doc>Sets the delay that is waited after each Selenium command.</doc>
<status status="PASS" start="2025-05-07T23:01:08.461334" elapsed="0.000317"/>
</kw>
<kw name="Open Browser" owner="SeleniumLibrary">
<msg time="2025-05-07T23:01:08.462159" level="INFO">Opening browser 'Chrome' to base url 'https://automate-test.stpb-digital.com/login/'.</msg>
<arg>${url}</arg>
<arg>${browser}</arg>
<doc>Opens a new browser instance to the optional ``url``.</doc>
<status status="PASS" start="2025-05-07T23:01:08.461861" elapsed="5.149817"/>
</kw>
<kw name="Wait Until Page Contains" owner="SeleniumLibrary">
<arg>Kru P' Beam</arg>
<arg>1s</arg>
<doc>Waits until ``text`` appears on the current page.</doc>
<status status="PASS" start="2025-05-07T23:01:13.612108" elapsed="0.168809"/>
</kw>
<kw name="Maximize Browser Window" owner="SeleniumLibrary">
<doc>Maximizes current browser window.</doc>
<status status="PASS" start="2025-05-07T23:01:13.781340" elapsed="0.166958"/>
</kw>
<status status="PASS" start="2025-05-07T23:01:08.460982" elapsed="5.487523"/>
</kw>
<kw name="Input data for login to search Page" owner="KeywordSearchPage">
<kw name="Input Text" owner="SeleniumLibrary">
<msg time="2025-05-07T23:01:13.949636" level="INFO">Typing text 'user.test@krupbeam.com' into text field 'id=email'.</msg>
<arg>${locator_emaillogin}</arg>
<arg>user.test@krupbeam.com</arg>
<doc>Types the given ``text`` into the text field identified by ``locator``.</doc>
<status status="PASS" start="2025-05-07T23:01:13.949310" elapsed="0.535771"/>
</kw>
<kw name="Input Text" owner="SeleniumLibrary">
<msg time="2025-05-07T23:01:14.485994" level="INFO">Typing text 'jKNsrapwLNV7eBN' into text field 'name=password'.</msg>
<arg>${locator_passwordlogin}</arg>
<arg>jKNsrapwLNV7eBN</arg>
<doc>Types the given ``text`` into the text field identified by ``locator``.</doc>
<status status="PASS" start="2025-05-07T23:01:14.485546" elapsed="0.531193"/>
</kw>
<kw name="Click Element" owner="SeleniumLibrary">
<msg time="2025-05-07T23:01:15.017722" level="INFO">Clicking element 'id=btn-login'.</msg>
<arg>${locator_btnlogin}</arg>
<doc>Click the element identified by ``locator``.</doc>
<status status="PASS" start="2025-05-07T23:01:15.017217" elapsed="0.388544"/>
</kw>
<kw name="Wait Until Page Contains" owner="SeleniumLibrary">
<arg>Search Filters</arg>
<arg>5s</arg>
<doc>Waits until ``text`` appears on the current page.</doc>
<status status="PASS" start="2025-05-07T23:01:15.406590" elapsed="0.746849"/>
</kw>
<status status="PASS" start="2025-05-07T23:01:13.948854" elapsed="2.204847"/>
</kw>
<kw name="Click Element" owner="SeleniumLibrary">
<msg time="2025-05-07T23:01:16.154405" level="INFO">Clicking element 'xpath=//*[@id="__next"]/div[1]/div[2]/main/div/div[2]/div/div[1]/div/a'.</msg>
<arg>${locator_btnAdduser}</arg>
<doc>Click the element identified by ``locator``.</doc>
<status status="PASS" start="2025-05-07T23:01:16.153976" elapsed="0.369190"/>
</kw>
<kw name="Wait Until Page Contains" owner="SeleniumLibrary">
<arg>Form User</arg>
<doc>Waits until ``text`` appears on the current page.</doc>
<status status="PASS" start="2025-05-07T23:01:16.523688" elapsed="0.149504"/>
</kw>
<kw name="Input Text" owner="SeleniumLibrary">
<msg time="2025-05-07T23:01:16.674547" level="INFO">Typing text 'wisarut' into text field 'id=firstname'.</msg>
<arg>${locator_firstname}</arg>
<arg>${firstname}</arg>
<doc>Types the given ``text`` into the text field identified by ``locator``.</doc>
<status status="PASS" start="2025-05-07T23:01:16.673843" elapsed="0.456580"/>
</kw>
<kw name="Input Text" owner="SeleniumLibrary">
<msg time="2025-05-07T23:01:17.131436" level="INFO">Typing text 'chuduan' into text field 'id=lastname'.</msg>
<arg>${locator_lastname}</arg>
<arg>${lastname}</arg>
<doc>Types the given ``text`` into the text field identified by ``locator``.</doc>
<status status="PASS" start="2025-05-07T23:01:17.130924" elapsed="0.492291"/>
</kw>
<kw name="Input Text" owner="SeleniumLibrary">
<msg time="2025-05-07T23:01:17.624572" level="INFO">Typing text 'wisarut@gmail.com' into text field 'id=email'.</msg>
<arg>${locator_email}</arg>
<arg>${email}</arg>
<doc>Types the given ``text`` into the text field identified by ``locator``.</doc>
<status status="PASS" start="2025-05-07T23:01:17.623978" elapsed="0.545125"/>
</kw>
<kw name="Input Text" owner="SeleniumLibrary">
<msg time="2025-05-07T23:01:18.170283" level="INFO">Typing text '123456' into text field 'id=password'.</msg>
<arg>${locator_password}</arg>
<arg>${password}</arg>
<doc>Types the given ``text`` into the text field identified by ``locator``.</doc>
<status status="PASS" start="2025-05-07T23:01:18.169656" elapsed="0.475390"/>
</kw>
<kw name="Input Text" owner="SeleniumLibrary">
<msg time="2025-05-07T23:01:18.646184" level="INFO">Typing text '0863658554' into text field 'id=mobile-phone'.</msg>
<arg>${locator_mobilephone}</arg>
<arg>${mobile}</arg>
<doc>Types the given ``text`` into the text field identified by ``locator``.</doc>
<status status="PASS" start="2025-05-07T23:01:18.645573" elapsed="0.530627"/>
</kw>
<if>
<branch type="IF" condition="&quot;${gender}&quot; != &quot;emp&quot;">
<kw name="Select Radio Button" owner="SeleniumLibrary">
<msg time="2025-05-07T23:01:19.177690" level="INFO">Selecting 'male' from radio button 'validation-basic-radio'.</msg>
<arg>${locator_Gender}</arg>
<arg>${gender}</arg>
<doc>Sets the radio button group ``group_name`` to ``value``.</doc>
<status status="PASS" start="2025-05-07T23:01:19.177209" elapsed="0.456972"/>
</kw>
<status status="PASS" start="2025-05-07T23:01:19.176585" elapsed="0.457833"/>
</branch>
<status status="PASS" start="2025-05-07T23:01:19.176518" elapsed="0.458037"/>
</if>
<if>
<branch type="IF" condition="${chkbox} == 1">
<kw name="Select Checkbox" owner="SeleniumLibrary">
<msg time="2025-05-07T23:01:19.635555" level="INFO">Selecting checkbox 'name=courses.SQL'.</msg>
<arg>${locator_chkSQL}</arg>
<doc>Selects the checkbox identified by ``locator``.</doc>
<status status="PASS" start="2025-05-07T23:01:19.635185" elapsed="0.685698"/>
</kw>
<status status="PASS" start="2025-05-07T23:01:19.634724" elapsed="0.686706"/>
</branch>
<branch type="ELSE IF" condition="${chkbox} == 2">
<kw name="Select Checkbox" owner="SeleniumLibrary">
<arg>${locator_chkSQL}</arg>
<doc>Selects the checkbox identified by ``locator``.</doc>
<status status="NOT RUN" start="2025-05-07T23:01:20.322164" elapsed="0.000136"/>
</kw>
<kw name="Select Checkbox" owner="SeleniumLibrary">
<arg>${locator_chkTest}</arg>
<doc>Selects the checkbox identified by ``locator``.</doc>
<status status="NOT RUN" start="2025-05-07T23:01:20.322736" elapsed="0.000129"/>
</kw>
<status status="NOT RUN" start="2025-05-07T23:01:20.321675" elapsed="0.001396"/>
</branch>
<branch type="ELSE IF" condition="${chkbox} == 3">
<kw name="Select Checkbox" owner="SeleniumLibrary">
<arg>${locator_chkSQL}</arg>
<doc>Selects the checkbox identified by ``locator``.</doc>
<status status="NOT RUN" start="2025-05-07T23:01:20.323524" elapsed="0.000083"/>
</kw>
<kw name="Select Checkbox" owner="SeleniumLibrary">
<arg>${locator_chkTest}</arg>
<doc>Selects the checkbox identified by ``locator``.</doc>
<status status="NOT RUN" start="2025-05-07T23:01:20.323877" elapsed="0.000076"/>
</kw>
<kw name="Select Checkbox" owner="SeleniumLibrary">
<arg>${locator_ChkAutomate1}</arg>
<doc>Selects the checkbox identified by ``locator``.</doc>
<status status="NOT RUN" start="2025-05-07T23:01:20.324174" elapsed="0.000076"/>
</kw>
<status status="NOT RUN" start="2025-05-07T23:01:20.323213" elapsed="0.001180"/>
</branch>
<branch type="ELSE IF" condition="${chkbox} == 4">
<kw name="Select Checkbox" owner="SeleniumLibrary">
<arg>${locator_chkSQL}</arg>
<doc>Selects the checkbox identified by ``locator``.</doc>
<status status="NOT RUN" start="2025-05-07T23:01:20.324769" elapsed="0.000083"/>
</kw>
<kw name="Select Checkbox" owner="SeleniumLibrary">
<arg>${locator_chkTest}</arg>
<doc>Selects the checkbox identified by ``locator``.</doc>
<status status="NOT RUN" start="2025-05-07T23:01:20.325175" elapsed="0.000076"/>
</kw>
<kw name="Select Checkbox" owner="SeleniumLibrary">
<arg>${locator_ChkAutomate1}</arg>
<doc>Selects the checkbox identified by ``locator``.</doc>
<status status="NOT RUN" start="2025-05-07T23:01:20.325461" elapsed="0.000095"/>
</kw>
<kw name="Select Checkbox" owner="SeleniumLibrary">
<arg>${locator_ChkAutomate2}</arg>
<doc>Selects the checkbox identified by ``locator``.</doc>
<status status="NOT RUN" start="2025-05-07T23:01:20.325748" elapsed="0.000043"/>
</kw>
<status status="NOT RUN" start="2025-05-07T23:01:20.324524" elapsed="0.001358"/>
</branch>
<status status="PASS" start="2025-05-07T23:01:19.634676" elapsed="0.691326"/>
</if>
<if>
<branch type="IF" condition="${nation} ==1">
<kw name=" Select List Nationality" owner="KeywordSearchPage">
<kw name="Click Element" owner="SeleniumLibrary">
<msg time="2025-05-07T23:01:20.328048" level="INFO">Clicking element 'id=nationality'.</msg>
<arg>${locator_nationality}</arg>
<doc>Click the element identified by ``locator``.</doc>
<status status="PASS" start="2025-05-07T23:01:20.327503" elapsed="0.538804"/>
</kw>
<kw name="Wait Until Element Is Visible" owner="SeleniumLibrary">
<arg>${locator_nationality-THAI}</arg>
<arg>5s</arg>
<doc>Waits until the element ``locator`` is visible.</doc>
<status status="PASS" start="2025-05-07T23:01:20.866775" elapsed="0.248444"/>
</kw>
<kw name="Click Element" owner="SeleniumLibrary">
<msg time="2025-05-07T23:01:21.116367" level="INFO">Clicking element 'xpath=//*[@id="menu-"]/div[3]/ul/li[221]'.</msg>
<arg>${locator_nationality-THAI}</arg>
<doc>Click the element identified by ``locator``.</doc>
<status status="PASS" start="2025-05-07T23:01:21.115718" elapsed="0.485392"/>
</kw>
<status status="PASS" start="2025-05-07T23:01:20.326831" elapsed="1.274621"/>
</kw>
<status status="PASS" start="2025-05-07T23:01:20.326171" elapsed="1.275384"/>
</branch>
<status status="PASS" start="2025-05-07T23:01:20.326137" elapsed="1.275523"/>
</if>
<if>
<branch type="IF" condition="${role} ==1">
<kw name="Select List courses" owner="KeywordSearchPage">
<kw name="Click Element" owner="SeleniumLibrary">
<msg time="2025-05-07T23:01:21.603195" level="INFO">Clicking element 'id=select-role'.</msg>
<arg>${locator_select-role}</arg>
<doc>Click the element identified by ``locator``.</doc>
<status status="PASS" start="2025-05-07T23:01:21.602862" elapsed="0.427214"/>
</kw>
<kw name="Wait Until Element Is Visible" owner="SeleniumLibrary">
<arg>${locator_select-role-list}</arg>
<arg>5s</arg>
<doc>Waits until the element ``locator`` is visible.</doc>
<status status="PASS" start="2025-05-07T23:01:22.030648" elapsed="0.242117"/>
</kw>
<kw name="Click Element" owner="SeleniumLibrary">
<msg time="2025-05-07T23:01:22.273665" level="INFO">Clicking element 'xpath=//*[@id="menu-"]/div[3]/ul/li[5]'.</msg>
<arg>${locator_select-role-list}</arg>
<doc>Click the element identified by ``locator``.</doc>
<status status="PASS" start="2025-05-07T23:01:22.273209" elapsed="0.321100"/>
</kw>
<status status="PASS" start="2025-05-07T23:01:21.602434" elapsed="0.992192"/>
</kw>
<status status="PASS" start="2025-05-07T23:01:21.601854" elapsed="0.992868"/>
</branch>
<status status="PASS" start="2025-05-07T23:01:21.601799" elapsed="0.993023"/>
</if>
<if>
<branch type="IF" condition="${plan} ==1">
<kw name="Select List Plan" owner="KeywordSearchPage">
<status status="NOT RUN" start="2025-05-07T23:01:22.595580" elapsed="0.000066"/>
</kw>
<status status="NOT RUN" start="2025-05-07T23:01:22.595008" elapsed="0.000702"/>
</branch>
<status status="PASS" start="2025-05-07T23:01:22.594955" elapsed="0.000814"/>
</if>
<kw name="Click Element" owner="SeleniumLibrary">
<msg time="2025-05-07T23:01:22.596300" level="INFO">Clicking element 'xpath=//*[@id="__next"]/div[1]/div[2]/main/div/div[3]/div/div/div/form/button'.</msg>
<arg>${locator_btnsignupforadduser}</arg>
<doc>Click the element identified by ``locator``.</doc>
<status status="PASS" start="2025-05-07T23:01:22.595940" elapsed="0.391456"/>
</kw>
<kw name="Verify error msg" owner="KeywordSearchPage">
<kw name="Get Text" owner="SeleniumLibrary">
<msg time="2025-05-07T23:01:23.234342" level="INFO">${txt} = This field is required</msg>
<var>${txt}</var>
<arg>${locator}</arg>
<doc>Returns the text value of the element identified by ``locator``.</doc>
<status status="PASS" start="2025-05-07T23:01:22.989200" elapsed="0.245255"/>
</kw>
<kw name="Should Be Equal As Strings" owner="BuiltIn">
<arg>${txt}</arg>
<arg>${mgs}</arg>
<doc>Fails if objects are unequal after converting them to strings.</doc>
<status status="PASS" start="2025-05-07T23:01:23.234817" elapsed="0.000428"/>
</kw>
<arg>${locator1}</arg>
<arg>${msg1}</arg>
<status status="PASS" start="2025-05-07T23:01:22.988083" elapsed="0.247341"/>
</kw>
<kw name="Close Browser" owner="SeleniumLibrary">
<doc>Closes the current browser.</doc>
<status status="PASS" start="2025-05-07T23:01:23.235611" elapsed="2.799786"/>
</kw>
<arg>wisarut</arg>
<arg>chuduan</arg>
<arg>wisarut@gmail.com</arg>
<arg>123456</arg>
<arg>0863658554</arg>
<arg>male</arg>
<arg>1</arg>
<arg>1</arg>
<arg>1</arg>
<arg>0</arg>
<arg>${locator_err-SelectPlan}</arg>
<arg>This field is required</arg>
<status status="PASS" start="2025-05-07T23:01:08.460159" elapsed="17.575558"/>
</kw>
<doc>ใช้สำหรับทดสอบในกรณีกรอกข้อมูลไม่ครบถ้วน</doc>
<tag>done12</tag>
<status status="PASS" start="2025-05-07T22:58:24.048024" elapsed="181.988386"/>
</test>
<kw name="Close All Browsers" owner="SeleniumLibrary" type="TEARDOWN">
<doc>Closes all open browsers and resets the browser cache.</doc>
<status status="PASS" start="2025-05-07T23:01:26.038117" elapsed="0.000299"/>
</kw>
<status status="PASS" start="2025-05-07T22:58:23.652901" elapsed="182.385626"/>
</suite>
<statistics>
<total>
<stat pass="1" fail="0" skip="0">All Tests</stat>
</total>
<tag>
<stat pass="1" fail="0" skip="0">done12</stat>
</tag>
<suite>
<stat name="SearchPage" id="s1" pass="1" fail="0" skip="0">SearchPage</stat>
</suite>
</statistics>
<errors>
</errors>
</robot>
